;  Assembly code generated by mikroVirtualMachine - V. 5.0.0.3
;  Date/Time: 19/03/2021 19:03:21
;  Info: http://www.mikroe.com


; ADDRESS	OPCODE	ASM
; ----------------------------------------------
$0000	$2804			GOTO	_main
$06D0	$	_delay_1us:
;delays.pbas,9 :: 		sub procedure Delay_1us()
;delays.pbas,10 :: 		Delay_us(1)
$06D0	$0000			NOP
$06D1	$	delays_L_1:
$06D1	$0008			RETURN
$066D	$	_delay_5500us:
;delays.pbas,33 :: 		sub procedure Delay_5500us()
;delays.pbas,34 :: 		Delay_us(5500)
$066D	$3008			MOVLW	8
$066E	$1303			BCF	STATUS, RP1
$066F	$1283			BCF	STATUS, RP0
$0670	$00FB			MOVWF	STACK_11
$0671	$30FF			MOVLW	255
$0672	$00FA			MOVWF	STACK_10
$0673	$0BFB			DECFSZ	STACK_11, F
$0674	$2E76			GOTO	$+2
$0675	$2E79			GOTO	$+4
$0676	$0BFA			DECFSZ	STACK_10, F
$0677	$2E76			GOTO	$-1
$0678	$2E73			GOTO	$-5
$0679	$301E			MOVLW	30
$067A	$00FA			MOVWF	STACK_10
$067B	$0BFA			DECFSZ	STACK_10, F
$067C	$2E7B			GOTO	$-1
$067D	$	delays_L_7:
$067D	$0008			RETURN
$06BB	$	_delay_50us:
;delays.pbas,21 :: 		sub procedure Delay_50us()
;delays.pbas,22 :: 		Delay_us(50)
$06BB	$3010			MOVLW	16
$06BC	$1303			BCF	STATUS, RP1
$06BD	$1283			BCF	STATUS, RP0
$06BE	$00FA			MOVWF	STACK_10
$06BF	$0BFA			DECFSZ	STACK_10, F
$06C0	$2EBF			GOTO	$-1
$06C1	$0000			NOP
$06C2	$	delays_L_4:
$06C2	$0008			RETURN
$0287	$	_lcd_cmd:
;lcd.ppas,19 :: 		
;lcd.ppas,20 :: 		
$0287	$1303			BCF	STATUS, RP1
$0288	$1283			BCF	STATUS, RP0
$0289	$0820			MOVF	lcd_ctrlport_address, 0
$028A	$0084			MOVWF	FSR
;lcd.ppas,22 :: 		
$028B	$0921			COMF	lcd____menable, W
$028C	$00F0			MOVWF	STACK_0
$028D	$0870			MOVF	STACK_0, 0
$028E	$0580			ANDWF	INDF, 1
;lcd.ppas,23 :: 		
$028F	$0922			COMF	lcd____mrs, W
$0290	$00F0			MOVWF	STACK_0
$0291	$0870			MOVF	STACK_0, 0
$0292	$0580			ANDWF	INDF, 1
;lcd.ppas,25 :: 		
$0293	$0823			MOVF	lcd_dataport_address, 0
$0294	$0084			MOVWF	FSR
;lcd.ppas,26 :: 		
$0295	$0825			MOVF	lcd____mdb6, 0
$0296	$0424			IORWF	lcd____mdb7, 0
$0297	$00F0			MOVWF	STACK_0
$0298	$0826			MOVF	lcd____mdb5, 0
$0299	$04F0			IORWF	STACK_0, 1
$029A	$0827			MOVF	lcd____mdb4, 0
$029B	$04F0			IORWF	STACK_0, 1
$029C	$09F0			COMF	STACK_0, F
$029D	$0870			MOVF	STACK_0, 0
$029E	$0580			ANDWF	INDF, 1
;lcd.ppas,28 :: 		
$029F	$3000			MOVLW	0
$02A0	$1BDB			BTFSC	FARG_Lcd_Cmd, 7
$02A1	$3001			MOVLW	1
$02A2	$00F1			MOVWF	STACK_1
$02A3	$0871			MOVF	STACK_1, 0
$02A4	$3A01			XORLW	1
$02A5	$1D03			BTFSS	STATUS, Z
$02A6	$2AA9			GOTO	lcd_L_2
$02A7	$	lcd_L_1:
;lcd.ppas,29 :: 		
$02A7	$0824			MOVF	lcd____mdb7, 0
$02A8	$0480			IORWF	INDF, 1
$02A9	$	lcd_L_2:
$02A9	$	lcd_L_3:
;lcd.ppas,30 :: 		
$02A9	$3000			MOVLW	0
$02AA	$1B5B			BTFSC	FARG_Lcd_Cmd, 6
$02AB	$3001			MOVLW	1
$02AC	$00F1			MOVWF	STACK_1
$02AD	$0871			MOVF	STACK_1, 0
$02AE	$3A01			XORLW	1
$02AF	$1D03			BTFSS	STATUS, Z
$02B0	$2AB3			GOTO	lcd_L_5
$02B1	$	lcd_L_4:
;lcd.ppas,31 :: 		
$02B1	$0825			MOVF	lcd____mdb6, 0
$02B2	$0480			IORWF	INDF, 1
$02B3	$	lcd_L_5:
$02B3	$	lcd_L_6:
;lcd.ppas,32 :: 		
$02B3	$3000			MOVLW	0
$02B4	$1ADB			BTFSC	FARG_Lcd_Cmd, 5
$02B5	$3001			MOVLW	1
$02B6	$00F1			MOVWF	STACK_1
$02B7	$0871			MOVF	STACK_1, 0
$02B8	$3A01			XORLW	1
$02B9	$1D03			BTFSS	STATUS, Z
$02BA	$2ABD			GOTO	lcd_L_8
$02BB	$	lcd_L_7:
;lcd.ppas,33 :: 		
$02BB	$0826			MOVF	lcd____mdb5, 0
$02BC	$0480			IORWF	INDF, 1
$02BD	$	lcd_L_8:
$02BD	$	lcd_L_9:
;lcd.ppas,34 :: 		
$02BD	$3000			MOVLW	0
$02BE	$1A5B			BTFSC	FARG_Lcd_Cmd, 4
$02BF	$3001			MOVLW	1
$02C0	$00F1			MOVWF	STACK_1
$02C1	$0871			MOVF	STACK_1, 0
$02C2	$3A01			XORLW	1
$02C3	$1D03			BTFSS	STATUS, Z
$02C4	$2AC7			GOTO	lcd_L_11
$02C5	$	lcd_L_10:
;lcd.ppas,35 :: 		
$02C5	$0827			MOVF	lcd____mdb4, 0
$02C6	$0480			IORWF	INDF, 1
$02C7	$	lcd_L_11:
$02C7	$	lcd_L_12:
;lcd.ppas,37 :: 		
$02C7	$0820			MOVF	lcd_ctrlport_address, 0
$02C8	$0084			MOVWF	FSR
;lcd.ppas,38 :: 		
$02C9	$0828			MOVF	lcd_lcdcmd_status, 0
$02CA	$3A01			XORLW	1
$02CB	$1D03			BTFSS	STATUS, Z
$02CC	$2AD2			GOTO	lcd_L_14
$02CD	$	lcd_L_13:
;lcd.ppas,39 :: 		
$02CD	$0922			COMF	lcd____mrs, W
$02CE	$00F0			MOVWF	STACK_0
$02CF	$0870			MOVF	STACK_0, 0
$02D0	$0580			ANDWF	INDF, 1
$02D1	$2AD4			GOTO	lcd_L_15
;lcd.ppas,40 :: 		
$02D2	$	lcd_L_14:
;lcd.ppas,41 :: 		
$02D2	$0822			MOVF	lcd____mrs, 0
$02D3	$0480			IORWF	INDF, 1
$02D4	$	lcd_L_15:
;lcd.ppas,43 :: 		
$02D4	$0821			MOVF	lcd____menable, 0
$02D5	$0480			IORWF	INDF, 1
;lcd.ppas,44 :: 		
$02D6	$26D0			CALL	_delay_1us
;lcd.ppas,45 :: 		
$02D7	$0921			COMF	lcd____menable, W
$02D8	$00F0			MOVWF	STACK_0
$02D9	$0870			MOVF	STACK_0, 0
$02DA	$0580			ANDWF	INDF, 1
;lcd.ppas,47 :: 		
$02DB	$0922			COMF	lcd____mrs, W
$02DC	$00F0			MOVWF	STACK_0
$02DD	$0870			MOVF	STACK_0, 0
$02DE	$0580			ANDWF	INDF, 1
;lcd.ppas,49 :: 		
$02DF	$0823			MOVF	lcd_dataport_address, 0
$02E0	$0084			MOVWF	FSR
;lcd.ppas,50 :: 		
$02E1	$0825			MOVF	lcd____mdb6, 0
$02E2	$0424			IORWF	lcd____mdb7, 0
$02E3	$00F0			MOVWF	STACK_0
$02E4	$0826			MOVF	lcd____mdb5, 0
$02E5	$04F0			IORWF	STACK_0, 1
$02E6	$0827			MOVF	lcd____mdb4, 0
$02E7	$04F0			IORWF	STACK_0, 1
$02E8	$09F0			COMF	STACK_0, F
$02E9	$0870			MOVF	STACK_0, 0
$02EA	$0580			ANDWF	INDF, 1
;lcd.ppas,52 :: 		
$02EB	$3000			MOVLW	0
$02EC	$19DB			BTFSC	FARG_Lcd_Cmd, 3
$02ED	$3001			MOVLW	1
$02EE	$00F1			MOVWF	STACK_1
$02EF	$0871			MOVF	STACK_1, 0
$02F0	$3A01			XORLW	1
$02F1	$1D03			BTFSS	STATUS, Z
$02F2	$2AF5			GOTO	lcd_L_17
$02F3	$	lcd_L_16:
;lcd.ppas,53 :: 		
$02F3	$0824			MOVF	lcd____mdb7, 0
$02F4	$0480			IORWF	INDF, 1
$02F5	$	lcd_L_17:
$02F5	$	lcd_L_18:
;lcd.ppas,54 :: 		
$02F5	$3000			MOVLW	0
$02F6	$195B			BTFSC	FARG_Lcd_Cmd, 2
$02F7	$3001			MOVLW	1
$02F8	$00F1			MOVWF	STACK_1
$02F9	$0871			MOVF	STACK_1, 0
$02FA	$3A01			XORLW	1
$02FB	$1D03			BTFSS	STATUS, Z
$02FC	$2AFF			GOTO	lcd_L_20
$02FD	$	lcd_L_19:
;lcd.ppas,55 :: 		
$02FD	$0825			MOVF	lcd____mdb6, 0
$02FE	$0480			IORWF	INDF, 1
$02FF	$	lcd_L_20:
$02FF	$	lcd_L_21:
;lcd.ppas,56 :: 		
$02FF	$3000			MOVLW	0
$0300	$18DB			BTFSC	FARG_Lcd_Cmd, 1
$0301	$3001			MOVLW	1
$0302	$00F1			MOVWF	STACK_1
$0303	$0871			MOVF	STACK_1, 0
$0304	$3A01			XORLW	1
$0305	$1D03			BTFSS	STATUS, Z
$0306	$2B09			GOTO	lcd_L_23
$0307	$	lcd_L_22:
;lcd.ppas,57 :: 		
$0307	$0826			MOVF	lcd____mdb5, 0
$0308	$0480			IORWF	INDF, 1
$0309	$	lcd_L_23:
$0309	$	lcd_L_24:
;lcd.ppas,58 :: 		
$0309	$3001			MOVLW	1
$030A	$055B			ANDWF	FARG_Lcd_Cmd, 0
$030B	$00F1			MOVWF	STACK_1
$030C	$0871			MOVF	STACK_1, 0
$030D	$3A01			XORLW	1
$030E	$1D03			BTFSS	STATUS, Z
$030F	$2B12			GOTO	lcd_L_26
$0310	$	lcd_L_25:
;lcd.ppas,59 :: 		
$0310	$0827			MOVF	lcd____mdb4, 0
$0311	$0480			IORWF	INDF, 1
$0312	$	lcd_L_26:
$0312	$	lcd_L_27:
;lcd.ppas,61 :: 		
$0312	$0820			MOVF	lcd_ctrlport_address, 0
$0313	$0084			MOVWF	FSR
;lcd.ppas,62 :: 		
$0314	$0828			MOVF	lcd_lcdcmd_status, 0
$0315	$3A01			XORLW	1
$0316	$1D03			BTFSS	STATUS, Z
$0317	$2B1D			GOTO	lcd_L_29
$0318	$	lcd_L_28:
;lcd.ppas,63 :: 		
$0318	$0922			COMF	lcd____mrs, W
$0319	$00F0			MOVWF	STACK_0
$031A	$0870			MOVF	STACK_0, 0
$031B	$0580			ANDWF	INDF, 1
$031C	$2B1F			GOTO	lcd_L_30
;lcd.ppas,64 :: 		
$031D	$	lcd_L_29:
;lcd.ppas,65 :: 		
$031D	$0822			MOVF	lcd____mrs, 0
$031E	$0480			IORWF	INDF, 1
$031F	$	lcd_L_30:
;lcd.ppas,67 :: 		
$031F	$0821			MOVF	lcd____menable, 0
$0320	$0480			IORWF	INDF, 1
;lcd.ppas,68 :: 		
$0321	$26D0			CALL	_delay_1us
;lcd.ppas,69 :: 		
$0322	$0921			COMF	lcd____menable, W
$0323	$00F0			MOVWF	STACK_0
$0324	$0870			MOVF	STACK_0, 0
$0325	$0580			ANDWF	INDF, 1
;lcd.ppas,71 :: 		
$0326	$0828			MOVF	lcd_lcdcmd_status, 0
$0327	$3A01			XORLW	1
$0328	$1D03			BTFSS	STATUS, Z
$0329	$2B2C			GOTO	lcd_L_32
$032A	$	lcd_L_31:
;lcd.ppas,72 :: 		
$032A	$266D			CALL	_delay_5500us
$032B	$2B2D			GOTO	lcd_L_33
;lcd.ppas,73 :: 		
$032C	$	lcd_L_32:
;lcd.ppas,74 :: 		
$032C	$26BB			CALL	_delay_50us
$032D	$	lcd_L_33:
$032D	$	lcd_L_0:
;lcd.ppas,75 :: 		
$032D	$0008			RETURN
$06A9	$	_lcd_chr_cp:
;lcd.ppas,97 :: 		
;lcd.ppas,98 :: 		
$06A9	$1303			BCF	STATUS, RP1
$06AA	$1283			BCF	STATUS, RP0
$06AB	$01A8			CLRF	lcd_lcdcmd_status, 1
;lcd.ppas,99 :: 		
$06AC	$085A			MOVF	FARG_Lcd_Chr_CP, 0
$06AD	$00DB			MOVWF	FARG_Lcd_Cmd
$06AE	$2287			CALL	_lcd_cmd
;lcd.ppas,100 :: 		
$06AF	$3001			MOVLW	1
$06B0	$00A8			MOVWF	lcd_lcdcmd_status
$06B1	$	lcd_L_48:
;lcd.ppas,101 :: 		
$06B1	$0008			RETURN
$05F7	$	_div_16x16_s_l:
$05F7	$1303			BCF	STATUS, RP1
$05F8	$1283			BCF	STATUS, RP0
;math.ppas,291 :: 		
;math.ppas,293 :: 		
$05F9	$0D71			RLF	STACK_1, W
;math.ppas,294 :: 		
$05FA	$0DF8			RLF	STACK_8, F
;math.ppas,295 :: 		
$05FB	$0DF9			RLF	STACK_9, F
;math.ppas,296 :: 		
$05FC	$0874			MOVF	STACK_4, W
;math.ppas,297 :: 		
$05FD	$02F8			SUBWF	STACK_8, F
;math.ppas,298 :: 		
$05FE	$0875			MOVF	STACK_5, W
;math.ppas,299 :: 		
$05FF	$1C03			BTFSS	STATUS, C
;math.ppas,300 :: 		
$0600	$0F75			INCFSZ	STACK_5, W
;math.ppas,301 :: 		
$0601	$02F9			SUBWF	STACK_9, F
;math.ppas,302 :: 		
$0602	$0DF0			RLF	STACK_0, F
;math.ppas,304 :: 		
$0603	$0DF1			RLF	STACK_1, F
;math.ppas,305 :: 		
$0604	$300F			MOVLW	15
;math.ppas,307 :: 		
$0605	$00FC			MOVWF	STACK_12
;math.ppas,308 :: 		
$0606	$0D71			RLF	STACK_1, W
;math.ppas,309 :: 		
$0607	$0DF8			RLF	STACK_8, F
;math.ppas,310 :: 		
$0608	$0DF9			RLF	STACK_9, F
;math.ppas,312 :: 		
$0609	$0874			MOVF	STACK_4, W
;math.ppas,313 :: 		
$060A	$1C70			BTFSS	STACK_0, 0
;math.ppas,314 :: 		
$060B	$2E12			GOTO	$+7
;math.ppas,315 :: 		
$060C	$02F8			SUBWF	STACK_8, F
;math.ppas,316 :: 		
$060D	$0875			MOVF	STACK_5, W
;math.ppas,317 :: 		
$060E	$1C03			BTFSS	STATUS, C
;math.ppas,318 :: 		
$060F	$0F75			INCFSZ	STACK_5, W
;math.ppas,319 :: 		
$0610	$02F9			SUBWF	STACK_9, F
;math.ppas,321 :: 		
$0611	$2E17			GOTO	$+6
;math.ppas,322 :: 		
$0612	$07F8			ADDWF	STACK_8, F
;math.ppas,323 :: 		
$0613	$0875			MOVF	STACK_5, W
;math.ppas,324 :: 		
$0614	$1803			BTFSC	STATUS, C
;math.ppas,325 :: 		
$0615	$0F75			INCFSZ	STACK_5, W
;math.ppas,327 :: 		
$0616	$07F9			ADDWF	STACK_9, F
;math.ppas,328 :: 		
$0617	$0DF0			RLF	STACK_0, F
;math.ppas,330 :: 		
$0618	$0DF1			RLF	STACK_1, F
;math.ppas,331 :: 		
$0619	$0BFC			DECFSZ	STACK_12, F
;math.ppas,333 :: 		
$061A	$2E06			GOTO	$-20
;math.ppas,334 :: 		
$061B	$1870			BTFSC	STACK_0, 0
;math.ppas,335 :: 		
$061C	$2E23			GOTO	$+7
;math.ppas,336 :: 		
$061D	$0874			MOVF	STACK_4, W
;math.ppas,337 :: 		
$061E	$07F8			ADDWF	STACK_8, F
;math.ppas,338 :: 		
$061F	$0875			MOVF	STACK_5, W
;math.ppas,339 :: 		
$0620	$1803			BTFSC	STATUS, C
;math.ppas,340 :: 		
$0621	$0F75			INCFSZ	STACK_5, W
;math.ppas,341 :: 		
$0622	$07F9			ADDWF	STACK_9, F
;math.ppas,342 :: 		
$0623	$	math_L_6:
;math.ppas,343 :: 		
$0623	$0008			RETURN
$06B2	$	_res032:
$06B2	$1303			BCF	STATUS, RP1
$06B3	$1283			BCF	STATUS, RP0
;math_double.ppas,56 :: 		
;math_double.ppas,61 :: 		
$06B4	$01F2			CLRF	STACK_2
;math_double.ppas,62 :: 		
$06B5	$01F1			CLRF	STACK_1
;math_double.ppas,63 :: 		
$06B6	$01F0			CLRF	STACK_0
;math_double.ppas,64 :: 		
$06B7	$01F8			CLRF	STACK_8
;math_double.ppas,65 :: 		
$06B8	$01F3			CLRF	STACK_3
;math_double.ppas,66 :: 		
$06B9	$3000			MOVLW	0
;math_double.ppas,67 :: 		
$06BA	$	math_double_L_3:
;math_double.ppas,68 :: 		
$06BA	$0008			RETURN
$069B	$	_setfun32:
$069B	$1303			BCF	STATUS, RP1
$069C	$1283			BCF	STATUS, RP0
;math_double.ppas,71 :: 		
;math_double.ppas,78 :: 		
$069D	$157B			BSF	STACK_11, 2
;math_double.ppas,79 :: 		
$069E	$1FFB			BTFSS	STACK_11, 7
;math_double.ppas,80 :: 		
$069F	$2EA7			GOTO	SETFUN32EEE
;math_double.ppas,81 :: 		
$06A0	$3001			MOVLW	0X01
;math_double.ppas,82 :: 		
$06A1	$00F3			MOVWF	STACK_3
;math_double.ppas,83 :: 		
$06A2	$01F2			CLRF	STACK_2
;math_double.ppas,84 :: 		
$06A3	$01F1			CLRF	STACK_1
;math_double.ppas,85 :: 		
$06A4	$01F0			CLRF	STACK_0
;math_double.ppas,86 :: 		
$06A5	$0DFA			RLF	STACK_10, F
;math_double.ppas,87 :: 		
$06A6	$0CF2			RRF	STACK_2, F
;math_double.ppas,88 :: 		
$06A7	$	SETFUN32EEE:
;math_double.ppas,89 :: 		
$06A7	$30FF			MOVLW	0XFF
;math_double.ppas,90 :: 		
$06A8	$	math_double_L_4:
;math_double.ppas,91 :: 		
$06A8	$0008			RETURN
$06CA	$	_fixsign32:
$06CA	$1303			BCF	STATUS, RP1
$06CB	$1283			BCF	STATUS, RP0
;math_double.ppas,45 :: 		
;math_double.ppas,49 :: 		
$06CC	$1FFA			BTFSS	STACK_10, 7
;math_double.ppas,50 :: 		
$06CD	$13F2			BCF	STACK_2, 7
;math_double.ppas,51 :: 		
$06CE	$3000			MOVLW	0
;math_double.ppas,52 :: 		
$06CF	$	math_double_L_2:
;math_double.ppas,53 :: 		
$06CF	$0008			RETURN
$0168	$	_lcd_config:
;lcd.ppas,115 :: 		
;lcd.ppas,116 :: 		
$0168	$266D			CALL	_delay_5500us
;lcd.ppas,117 :: 		
$0169	$266D			CALL	_delay_5500us
;lcd.ppas,118 :: 		
$016A	$266D			CALL	_delay_5500us
;lcd.ppas,120 :: 		
$016B	$0852			MOVF	FARG_Lcd_Config+1, 0
$016C	$00F0			MOVWF	STACK_0
$016D	$3001			MOVLW	1
$016E	$00F4			MOVWF	STACK_4
$016F	$0870			MOVF	STACK_0, 0
$0170	$	L_Lcd_Config_0:
$0170	$1903			BTFSC	STATUS, Z
$0171	$2976			GOTO	L_Lcd_Config_1
$0172	$0DF4			RLF	STACK_4, 1
$0173	$1074			BCF	STACK_4, 0
$0174	$3FFF			ADDLW	255
$0175	$2970			GOTO	L_Lcd_Config_0
$0176	$	L_Lcd_Config_1:
$0176	$0874			MOVF	STACK_4, 0
$0177	$00A4			MOVWF	lcd____mdb7
;lcd.ppas,121 :: 		
$0178	$0853			MOVF	FARG_Lcd_Config+2, 0
$0179	$00F0			MOVWF	STACK_0
$017A	$3001			MOVLW	1
$017B	$00F3			MOVWF	STACK_3
$017C	$0870			MOVF	STACK_0, 0
$017D	$	L_Lcd_Config_2:
$017D	$1903			BTFSC	STATUS, Z
$017E	$2983			GOTO	L_Lcd_Config_3
$017F	$0DF3			RLF	STACK_3, 1
$0180	$1073			BCF	STACK_3, 0
$0181	$3FFF			ADDLW	255
$0182	$297D			GOTO	L_Lcd_Config_2
$0183	$	L_Lcd_Config_3:
$0183	$0873			MOVF	STACK_3, 0
$0184	$00A5			MOVWF	lcd____mdb6
;lcd.ppas,122 :: 		
$0185	$0854			MOVF	FARG_Lcd_Config+3, 0
$0186	$00F0			MOVWF	STACK_0
$0187	$3001			MOVLW	1
$0188	$00F2			MOVWF	STACK_2
$0189	$0870			MOVF	STACK_0, 0
$018A	$	L_Lcd_Config_4:
$018A	$1903			BTFSC	STATUS, Z
$018B	$2990			GOTO	L_Lcd_Config_5
$018C	$0DF2			RLF	STACK_2, 1
$018D	$1072			BCF	STACK_2, 0
$018E	$3FFF			ADDLW	255
$018F	$298A			GOTO	L_Lcd_Config_4
$0190	$	L_Lcd_Config_5:
$0190	$0872			MOVF	STACK_2, 0
$0191	$00A6			MOVWF	lcd____mdb5
;lcd.ppas,123 :: 		
$0192	$0855			MOVF	FARG_Lcd_Config+4, 0
$0193	$00F0			MOVWF	STACK_0
$0194	$3001			MOVLW	1
$0195	$00F1			MOVWF	STACK_1
$0196	$0870			MOVF	STACK_0, 0
$0197	$	L_Lcd_Config_6:
$0197	$1903			BTFSC	STATUS, Z
$0198	$299D			GOTO	L_Lcd_Config_7
$0199	$0DF1			RLF	STACK_1, 1
$019A	$1071			BCF	STACK_1, 0
$019B	$3FFF			ADDLW	255
$019C	$2997			GOTO	L_Lcd_Config_6
$019D	$	L_Lcd_Config_7:
$019D	$0871			MOVF	STACK_1, 0
$019E	$00A7			MOVWF	lcd____mdb4
;lcd.ppas,124 :: 		
$019F	$0857			MOVF	FARG_Lcd_Config+6, 0
$01A0	$00F0			MOVWF	STACK_0
$01A1	$3001			MOVLW	1
$01A2	$00A2			MOVWF	lcd____mrs
$01A3	$0870			MOVF	STACK_0, 0
$01A4	$	L_Lcd_Config_8:
$01A4	$1903			BTFSC	STATUS, Z
$01A5	$29AA			GOTO	L_Lcd_Config_9
$01A6	$0DA2			RLF	lcd____mrs, 1
$01A7	$1022			BCF	lcd____mrs, 0
$01A8	$3FFF			ADDLW	255
$01A9	$29A4			GOTO	L_Lcd_Config_8
$01AA	$	L_Lcd_Config_9:
;lcd.ppas,125 :: 		
$01AA	$0858			MOVF	FARG_Lcd_Config+7, 0
$01AB	$00F0			MOVWF	STACK_0
$01AC	$3001			MOVLW	1
$01AD	$00A9			MOVWF	lcd____mrw
$01AE	$0870			MOVF	STACK_0, 0
$01AF	$	L_Lcd_Config_10:
$01AF	$1903			BTFSC	STATUS, Z
$01B0	$29B5			GOTO	L_Lcd_Config_11
$01B1	$0DA9			RLF	lcd____mrw, 1
$01B2	$1029			BCF	lcd____mrw, 0
$01B3	$3FFF			ADDLW	255
$01B4	$29AF			GOTO	L_Lcd_Config_10
$01B5	$	L_Lcd_Config_11:
;lcd.ppas,126 :: 		
$01B5	$0859			MOVF	FARG_Lcd_Config+8, 0
$01B6	$00F0			MOVWF	STACK_0
$01B7	$3001			MOVLW	1
$01B8	$00A1			MOVWF	lcd____menable
$01B9	$0870			MOVF	STACK_0, 0
$01BA	$	L_Lcd_Config_12:
$01BA	$1903			BTFSC	STATUS, Z
$01BB	$29C0			GOTO	L_Lcd_Config_13
$01BC	$0DA1			RLF	lcd____menable, 1
$01BD	$1021			BCF	lcd____menable, 0
$01BE	$3FFF			ADDLW	255
$01BF	$29BA			GOTO	L_Lcd_Config_12
$01C0	$	L_Lcd_Config_13:
;lcd.ppas,128 :: 		
$01C0	$0851			MOVF	FARG_Lcd_Config, 0
$01C1	$00A3			MOVWF	lcd_dataport_address
;lcd.ppas,129 :: 		
$01C2	$0856			MOVF	FARG_Lcd_Config+5, 0
$01C3	$00A0			MOVWF	lcd_ctrlport_address
;lcd.ppas,131 :: 		
$01C4	$0851			MOVF	FARG_Lcd_Config, 0
$01C5	$0084			MOVWF	FSR
;lcd.ppas,133 :: 		
$01C6	$0873			MOVF	STACK_3, 0
$01C7	$0474			IORWF	STACK_4, 0
$01C8	$00F0			MOVWF	STACK_0
$01C9	$0872			MOVF	STACK_2, 0
$01CA	$04F0			IORWF	STACK_0, 1
$01CB	$0871			MOVF	STACK_1, 0
$01CC	$04F0			IORWF	STACK_0, 1
$01CD	$09F0			COMF	STACK_0, F
$01CE	$0870			MOVF	STACK_0, 0
$01CF	$0580			ANDWF	INDF, 1
;lcd.ppas,134 :: 		
$01D0	$	lcd_L_56:
$01D0	$1784			BSF	FSR, 7
$01D1	$	lcd_L_57:
;lcd.ppas,135 :: 		
$01D1	$0825			MOVF	lcd____mdb6, 0
$01D2	$0424			IORWF	lcd____mdb7, 0
$01D3	$00F0			MOVWF	STACK_0
$01D4	$0826			MOVF	lcd____mdb5, 0
$01D5	$04F0			IORWF	STACK_0, 1
$01D6	$0827			MOVF	lcd____mdb4, 0
$01D7	$04F0			IORWF	STACK_0, 1
$01D8	$09F0			COMF	STACK_0, F
$01D9	$0870			MOVF	STACK_0, 0
$01DA	$0580			ANDWF	INDF, 1
;lcd.ppas,136 :: 		
$01DB	$1384			BCF	FSR, 7
$01DC	$	lcd_L_59:
;lcd.ppas,139 :: 		
$01DC	$0820			MOVF	lcd_ctrlport_address, 0
$01DD	$0084			MOVWF	FSR
;lcd.ppas,141 :: 		
$01DE	$0829			MOVF	lcd____mrw, 0
$01DF	$0422			IORWF	lcd____mrs, 0
$01E0	$00F0			MOVWF	STACK_0
$01E1	$0821			MOVF	lcd____menable, 0
$01E2	$04F0			IORWF	STACK_0, 1
$01E3	$09F0			COMF	STACK_0, F
$01E4	$0870			MOVF	STACK_0, 0
$01E5	$0580			ANDWF	INDF, 1
;lcd.ppas,142 :: 		
$01E6	$	lcd_L_60:
$01E6	$1784			BSF	FSR, 7
$01E7	$	lcd_L_61:
;lcd.ppas,143 :: 		
$01E7	$0829			MOVF	lcd____mrw, 0
$01E8	$0422			IORWF	lcd____mrs, 0
$01E9	$00F0			MOVWF	STACK_0
$01EA	$0821			MOVF	lcd____menable, 0
$01EB	$04F0			IORWF	STACK_0, 1
$01EC	$09F0			COMF	STACK_0, F
$01ED	$0870			MOVF	STACK_0, 0
$01EE	$0580			ANDWF	INDF, 1
;lcd.ppas,144 :: 		
$01EF	$1384			BCF	FSR, 7
$01F0	$	lcd_L_63:
;lcd.ppas,148 :: 		
$01F0	$0823			MOVF	lcd_dataport_address, 0
$01F1	$0084			MOVWF	FSR
;lcd.ppas,149 :: 		
$01F2	$0826			MOVF	lcd____mdb5, 0
$01F3	$0400			IORWF	INDF, 0
$01F4	$00F0			MOVWF	STACK_0
$01F5	$0827			MOVF	lcd____mdb4, 0
$01F6	$0470			IORWF	STACK_0, 0
$01F7	$0080			MOVWF	INDF
;lcd.ppas,151 :: 		
$01F8	$0820			MOVF	lcd_ctrlport_address, 0
$01F9	$0084			MOVWF	FSR
;lcd.ppas,152 :: 		
$01FA	$0821			MOVF	lcd____menable, 0
$01FB	$0480			IORWF	INDF, 1
;lcd.ppas,153 :: 		
$01FC	$0921			COMF	lcd____menable, W
$01FD	$00F0			MOVWF	STACK_0
$01FE	$0870			MOVF	STACK_0, 0
$01FF	$0580			ANDWF	INDF, 1
;lcd.ppas,155 :: 		
$0200	$266D			CALL	_delay_5500us
;lcd.ppas,160 :: 		
$0201	$0821			MOVF	lcd____menable, 0
$0202	$0480			IORWF	INDF, 1
;lcd.ppas,161 :: 		
$0203	$0921			COMF	lcd____menable, W
$0204	$00F0			MOVWF	STACK_0
$0205	$0870			MOVF	STACK_0, 0
$0206	$0580			ANDWF	INDF, 1
;lcd.ppas,163 :: 		
$0207	$266D			CALL	_delay_5500us
;lcd.ppas,168 :: 		
$0208	$0821			MOVF	lcd____menable, 0
$0209	$0480			IORWF	INDF, 1
;lcd.ppas,169 :: 		
$020A	$0921			COMF	lcd____menable, W
$020B	$00F0			MOVWF	STACK_0
$020C	$0870			MOVF	STACK_0, 0
$020D	$0580			ANDWF	INDF, 1
;lcd.ppas,171 :: 		
$020E	$266D			CALL	_delay_5500us
;lcd.ppas,174 :: 		
$020F	$0823			MOVF	lcd_dataport_address, 0
$0210	$0084			MOVWF	FSR
;lcd.ppas,175 :: 		
$0211	$0826			MOVF	lcd____mdb5, 0
$0212	$0480			IORWF	INDF, 1
;lcd.ppas,176 :: 		
$0213	$0927			COMF	lcd____mdb4, W
$0214	$00F0			MOVWF	STACK_0
$0215	$0870			MOVF	STACK_0, 0
$0216	$0580			ANDWF	INDF, 1
;lcd.ppas,178 :: 		
$0217	$0820			MOVF	lcd_ctrlport_address, 0
$0218	$0084			MOVWF	FSR
;lcd.ppas,179 :: 		
$0219	$0821			MOVF	lcd____menable, 0
$021A	$0480			IORWF	INDF, 1
;lcd.ppas,180 :: 		
$021B	$0921			COMF	lcd____menable, W
$021C	$00F0			MOVWF	STACK_0
$021D	$0870			MOVF	STACK_0, 0
$021E	$0580			ANDWF	INDF, 1
;lcd.ppas,182 :: 		
$021F	$266D			CALL	_delay_5500us
;lcd.ppas,187 :: 		
$0220	$0821			MOVF	lcd____menable, 0
$0221	$0480			IORWF	INDF, 1
;lcd.ppas,188 :: 		
$0222	$0921			COMF	lcd____menable, W
$0223	$00F1			MOVWF	STACK_1
$0224	$0871			MOVF	STACK_1, 0
$0225	$0580			ANDWF	INDF, 1
;lcd.ppas,190 :: 		
$0226	$0823			MOVF	lcd_dataport_address, 0
$0227	$0084			MOVWF	FSR
;lcd.ppas,191 :: 		
$0228	$0926			COMF	lcd____mdb5, W
$0229	$00F0			MOVWF	STACK_0
$022A	$0870			MOVF	STACK_0, 0
$022B	$0580			ANDWF	INDF, 1
;lcd.ppas,192 :: 		
$022C	$0824			MOVF	lcd____mdb7, 0
$022D	$0480			IORWF	INDF, 1
;lcd.ppas,194 :: 		
$022E	$0820			MOVF	lcd_ctrlport_address, 0
$022F	$0084			MOVWF	FSR
;lcd.ppas,195 :: 		
$0230	$0821			MOVF	lcd____menable, 0
$0231	$0480			IORWF	INDF, 1
;lcd.ppas,196 :: 		
$0232	$0871			MOVF	STACK_1, 0
$0233	$0580			ANDWF	INDF, 1
;lcd.ppas,198 :: 		
$0234	$266D			CALL	_delay_5500us
;lcd.ppas,201 :: 		
$0235	$0823			MOVF	lcd_dataport_address, 0
$0236	$0084			MOVWF	FSR
;lcd.ppas,202 :: 		
$0237	$0924			COMF	lcd____mdb7, W
$0238	$00F0			MOVWF	STACK_0
$0239	$0870			MOVF	STACK_0, 0
$023A	$0580			ANDWF	INDF, 1
;lcd.ppas,203 :: 		
$023B	$0827			MOVF	lcd____mdb4, 0
$023C	$0480			IORWF	INDF, 1
;lcd.ppas,204 :: 		
$023D	$0820			MOVF	lcd_ctrlport_address, 0
$023E	$0084			MOVWF	FSR
;lcd.ppas,205 :: 		
$023F	$0821			MOVF	lcd____menable, 0
$0240	$0480			IORWF	INDF, 1
;lcd.ppas,206 :: 		
$0241	$0921			COMF	lcd____menable, W
$0242	$00F1			MOVWF	STACK_1
$0243	$0871			MOVF	STACK_1, 0
$0244	$0580			ANDWF	INDF, 1
;lcd.ppas,207 :: 		
$0245	$0823			MOVF	lcd_dataport_address, 0
$0246	$0084			MOVWF	FSR
;lcd.ppas,208 :: 		
$0247	$0927			COMF	lcd____mdb4, W
$0248	$00F0			MOVWF	STACK_0
$0249	$0870			MOVF	STACK_0, 0
$024A	$0580			ANDWF	INDF, 1
;lcd.ppas,209 :: 		
$024B	$0820			MOVF	lcd_ctrlport_address, 0
$024C	$0084			MOVWF	FSR
;lcd.ppas,210 :: 		
$024D	$0821			MOVF	lcd____menable, 0
$024E	$0480			IORWF	INDF, 1
;lcd.ppas,211 :: 		
$024F	$0871			MOVF	STACK_1, 0
$0250	$0580			ANDWF	INDF, 1
;lcd.ppas,213 :: 		
$0251	$266D			CALL	_delay_5500us
;lcd.ppas,218 :: 		
$0252	$0821			MOVF	lcd____menable, 0
$0253	$0480			IORWF	INDF, 1
;lcd.ppas,219 :: 		
$0254	$0921			COMF	lcd____menable, W
$0255	$00F0			MOVWF	STACK_0
$0256	$0870			MOVF	STACK_0, 0
$0257	$0580			ANDWF	INDF, 1
;lcd.ppas,220 :: 		
$0258	$0823			MOVF	lcd_dataport_address, 0
$0259	$0084			MOVWF	FSR
;lcd.ppas,221 :: 		
$025A	$0827			MOVF	lcd____mdb4, 0
$025B	$0480			IORWF	INDF, 1
;lcd.ppas,222 :: 		
$025C	$0820			MOVF	lcd_ctrlport_address, 0
$025D	$0084			MOVWF	FSR
;lcd.ppas,223 :: 		
$025E	$0821			MOVF	lcd____menable, 0
$025F	$0480			IORWF	INDF, 1
;lcd.ppas,224 :: 		
$0260	$0870			MOVF	STACK_0, 0
$0261	$0580			ANDWF	INDF, 1
;lcd.ppas,226 :: 		
$0262	$266D			CALL	_delay_5500us
;lcd.ppas,229 :: 		
$0263	$0823			MOVF	lcd_dataport_address, 0
$0264	$0084			MOVWF	FSR
;lcd.ppas,230 :: 		
$0265	$0927			COMF	lcd____mdb4, W
$0266	$00F0			MOVWF	STACK_0
$0267	$0870			MOVF	STACK_0, 0
$0268	$0580			ANDWF	INDF, 1
;lcd.ppas,231 :: 		
$0269	$0820			MOVF	lcd_ctrlport_address, 0
$026A	$0084			MOVWF	FSR
;lcd.ppas,232 :: 		
$026B	$0821			MOVF	lcd____menable, 0
$026C	$0480			IORWF	INDF, 1
;lcd.ppas,233 :: 		
$026D	$0921			COMF	lcd____menable, W
$026E	$00F1			MOVWF	STACK_1
$026F	$0871			MOVF	STACK_1, 0
$0270	$0580			ANDWF	INDF, 1
;lcd.ppas,234 :: 		
$0271	$0823			MOVF	lcd_dataport_address, 0
$0272	$0084			MOVWF	FSR
;lcd.ppas,235 :: 		
$0273	$0827			MOVF	lcd____mdb4, 0
$0274	$0400			IORWF	INDF, 0
$0275	$00F0			MOVWF	STACK_0
$0276	$0826			MOVF	lcd____mdb5, 0
$0277	$04F0			IORWF	STACK_0, 1
$0278	$0825			MOVF	lcd____mdb6, 0
$0279	$04F0			IORWF	STACK_0, 1
$027A	$0824			MOVF	lcd____mdb7, 0
$027B	$0470			IORWF	STACK_0, 0
$027C	$0080			MOVWF	INDF
;lcd.ppas,236 :: 		
$027D	$0820			MOVF	lcd_ctrlport_address, 0
$027E	$0084			MOVWF	FSR
;lcd.ppas,237 :: 		
$027F	$0821			MOVF	lcd____menable, 0
$0280	$0480			IORWF	INDF, 1
;lcd.ppas,238 :: 		
$0281	$0871			MOVF	STACK_1, 0
$0282	$0580			ANDWF	INDF, 1
;lcd.ppas,240 :: 		
$0283	$266D			CALL	_delay_5500us
;lcd.ppas,242 :: 		
$0284	$3001			MOVLW	1
$0285	$00A8			MOVWF	lcd_lcdcmd_status
$0286	$	lcd_L_55:
;lcd.ppas,243 :: 		
$0286	$0008			RETURN
$054E	$	_lcd_out:
;lcd.ppas,252 :: 		
;lcd.ppas,254 :: 		
$054E	$	lcd_L_68:
$054E	$1303			BCF	STATUS, RP1
$054F	$1283			BCF	STATUS, RP0
$0550	$0851			MOVF	FARG_Lcd_Out, 0
$0551	$3A01			XORLW	1
$0552	$1D03			BTFSS	STATUS, Z
$0553	$2D57			GOTO	lcd_L_69
$0554	$	lcd_L_67:
$0554	$3080			MOVLW	128
$0555	$00D1			MOVWF	FARG_Lcd_Out
$0556	$2D6E			GOTO	lcd_L_66
$0557	$	lcd_L_69:
;lcd.ppas,255 :: 		
$0557	$	lcd_L_71:
$0557	$0851			MOVF	FARG_Lcd_Out, 0
$0558	$3A02			XORLW	2
$0559	$1D03			BTFSS	STATUS, Z
$055A	$2D5E			GOTO	lcd_L_72
$055B	$	lcd_L_70:
$055B	$30C0			MOVLW	192
$055C	$00D1			MOVWF	FARG_Lcd_Out
$055D	$2D6E			GOTO	lcd_L_66
$055E	$	lcd_L_72:
;lcd.ppas,256 :: 		
$055E	$	lcd_L_74:
$055E	$0851			MOVF	FARG_Lcd_Out, 0
$055F	$3A03			XORLW	3
$0560	$1D03			BTFSS	STATUS, Z
$0561	$2D65			GOTO	lcd_L_75
$0562	$	lcd_L_73:
$0562	$3094			MOVLW	148
$0563	$00D1			MOVWF	FARG_Lcd_Out
$0564	$2D6E			GOTO	lcd_L_66
$0565	$	lcd_L_75:
;lcd.ppas,257 :: 		
$0565	$	lcd_L_77:
$0565	$0851			MOVF	FARG_Lcd_Out, 0
$0566	$3A04			XORLW	4
$0567	$1D03			BTFSS	STATUS, Z
$0568	$2D6C			GOTO	lcd_L_78
$0569	$	lcd_L_76:
$0569	$30D4			MOVLW	212
$056A	$00D1			MOVWF	FARG_Lcd_Out
;lcd.ppas,258 :: 		
$056B	$2D6E			GOTO	lcd_L_66
$056C	$	lcd_L_78:
$056C	$3080			MOVLW	128
$056D	$00D1			MOVWF	FARG_Lcd_Out
$056E	$	lcd_L_66:
;lcd.ppas,260 :: 		
$056E	$0352			DECF	FARG_Lcd_Out+1, 0
$056F	$00F0			MOVWF	STACK_0
$0570	$0851			MOVF	FARG_Lcd_Out, 0
$0571	$07F0			ADDWF	STACK_0, 1
$0572	$0870			MOVF	STACK_0, 0
$0573	$00D1			MOVWF	FARG_Lcd_Out
;lcd.ppas,261 :: 		
$0574	$0870			MOVF	STACK_0, 0
$0575	$00DB			MOVWF	FARG_Lcd_Cmd
$0576	$2287			CALL	_lcd_cmd
;lcd.ppas,262 :: 		
$0577	$01A8			CLRF	lcd_lcdcmd_status, 1
;lcd.ppas,263 :: 		
$0578	$01D4			CLRF	_lcd_out_local_i, 1
;lcd.ppas,264 :: 		
$0579	$	lcd_L_80:
$0579	$0854			MOVF	_lcd_out_local_i, 0
$057A	$0753			ADDWF	FARG_Lcd_Out+2, 0
$057B	$0084			MOVWF	FSR
$057C	$0800			MOVF	INDF, 0
$057D	$00F2			MOVWF	STACK_2
$057E	$0872			MOVF	STACK_2, 0
$057F	$3A00			XORLW	0
$0580	$1903			BTFSC	STATUS, Z
$0581	$2D8A			GOTO	lcd_L_81
;lcd.ppas,266 :: 		
$0582	$0854			MOVF	_lcd_out_local_i, 0
$0583	$0753			ADDWF	FARG_Lcd_Out+2, 0
$0584	$0084			MOVWF	FSR
$0585	$0800			MOVF	INDF, 0
$0586	$00DA			MOVWF	FARG_Lcd_Chr_CP
$0587	$26A9			CALL	_lcd_chr_cp
;lcd.ppas,267 :: 		
$0588	$0AD4			INCF	_lcd_out_local_i, 1
;lcd.ppas,268 :: 		
$0589	$2D79			GOTO	lcd_L_80
$058A	$	lcd_L_81:
;lcd.ppas,269 :: 		
$058A	$3001			MOVLW	1
$058B	$00A8			MOVWF	lcd_lcdcmd_status
$058C	$	lcd_L_65:
;lcd.ppas,270 :: 		
$058C	$0008			RETURN
$06C3	$	_delay_22us:
;delays.pbas,17 :: 		sub procedure Delay_22us()
;delays.pbas,18 :: 		Delay_us(22)
$06C3	$3007			MOVLW	7
$06C4	$1303			BCF	STATUS, RP1
$06C5	$1283			BCF	STATUS, RP0
$06C6	$00FA			MOVWF	STACK_10
$06C7	$0BFA			DECFSZ	STACK_10, F
$06C8	$2EC7			GOTO	$-1
$06C9	$	delays_L_3:
$06C9	$0008			RETURN
$04F4	$	_div_16x16_s:
$04F4	$1303			BCF	STATUS, RP1
$04F5	$1283			BCF	STATUS, RP0
;math.ppas,346 :: 		
;math.ppas,348 :: 		
$04F6	$01FD			CLRF	STACK_13
;math.ppas,349 :: 		
$04F7	$01F9			CLRF	STACK_9
;math.ppas,350 :: 		
$04F8	$01F8			CLRF	STACK_8
;math.ppas,351 :: 		
$04F9	$0871			MOVF	STACK_1, W
;math.ppas,352 :: 		
$04FA	$0470			IORWF	STACK_0, W
;math.ppas,353 :: 		
$04FB	$1903			BTFSC	STATUS, Z
;math.ppas,355 :: 		
$04FC	$3400			RETLW	0
;math.ppas,356 :: 		
$04FD	$0871			MOVF	STACK_1, W
;math.ppas,357 :: 		
$04FE	$0675			XORWF	STACK_5, W
;math.ppas,358 :: 		
$04FF	$00FA			MOVWF	STACK_10
;math.ppas,359 :: 		
$0500	$1BFA			BTFSC	STACK_10, 7
;math.ppas,361 :: 		
$0501	$09FD			COMF	STACK_13, F
;math.ppas,363 :: 		
$0502	$01FB			CLRF	STACK_11
;math.ppas,364 :: 		
$0503	$1FF5			BTFSS	STACK_5, 7
;math.ppas,366 :: 		
$0504	$2D0A			GOTO	$+6
;math.ppas,367 :: 		
$0505	$09F4			COMF	STACK_4, F
;math.ppas,368 :: 		
$0506	$09F5			COMF	STACK_5, F
;math.ppas,369 :: 		
$0507	$0AF4			INCF	STACK_4, F
;math.ppas,370 :: 		
$0508	$1903			BTFSC	STATUS, Z
;math.ppas,372 :: 		
$0509	$0AF5			INCF	STACK_5, F
;math.ppas,373 :: 		
$050A	$1FF1			BTFSS	STACK_1, 7
;math.ppas,375 :: 		
$050B	$2D11			GOTO	$+6
;math.ppas,376 :: 		
$050C	$09F0			COMF	STACK_0, F
;math.ppas,377 :: 		
$050D	$09F1			COMF	STACK_1, F
;math.ppas,378 :: 		
$050E	$0AF0			INCF	STACK_0, F
;math.ppas,379 :: 		
$050F	$1903			BTFSC	STATUS, Z
;math.ppas,381 :: 		
$0510	$0AF1			INCF	STACK_1, F
;math.ppas,382 :: 		
$0511	$0871			MOVF	STACK_1, W
;math.ppas,383 :: 		
$0512	$0475			IORWF	STACK_5, W
;math.ppas,384 :: 		
$0513	$00FA			MOVWF	STACK_10
;math.ppas,385 :: 		
$0514	$1BFA			BTFSC	STACK_10, 7
;math.ppas,386 :: 		
$0515	$2D26			GOTO	$+17
;math.ppas,388 :: 		
$0516	$25F7			CALL	_div_16x16_s_l
;math.ppas,390 :: 		
$0517	$187B			BTFSC	STACK_11, 0
;math.ppas,392 :: 		
$0518	$2D39			GOTO	$+33
;math.ppas,393 :: 		
$0519	$1FFD			BTFSS	STACK_13, 7
;math.ppas,395 :: 		
$051A	$3400			RETLW	0
;math.ppas,396 :: 		
$051B	$09F0			COMF	STACK_0, F
;math.ppas,397 :: 		
$051C	$09F1			COMF	STACK_1, F
;math.ppas,398 :: 		
$051D	$0AF0			INCF	STACK_0, F
;math.ppas,399 :: 		
$051E	$1903			BTFSC	STATUS, Z
;math.ppas,401 :: 		
$051F	$0AF1			INCF	STACK_1, F
;math.ppas,402 :: 		
$0520	$09F8			COMF	STACK_8, F
;math.ppas,403 :: 		
$0521	$09F9			COMF	STACK_9, F
;math.ppas,404 :: 		
$0522	$0AF8			INCF	STACK_8, F
;math.ppas,405 :: 		
$0523	$1903			BTFSC	STATUS, Z
;math.ppas,407 :: 		
$0524	$0AF9			INCF	STACK_9, F
;math.ppas,409 :: 		
$0525	$3400			RETLW	0
;math.ppas,410 :: 		
$0526	$1FF5			BTFSS	STACK_5, 7
;math.ppas,411 :: 		
$0527	$2D35			GOTO	$+14
;math.ppas,412 :: 		
$0528	$1BF1			BTFSC	STACK_1, 7
;math.ppas,413 :: 		
$0529	$2D31			GOTO	$+8
;math.ppas,414 :: 		
$052A	$0871			MOVF	STACK_1, W
;math.ppas,415 :: 		
$052B	$00F9			MOVWF	STACK_9
;math.ppas,416 :: 		
$052C	$0870			MOVF	STACK_0, W
;math.ppas,417 :: 		
$052D	$00F8			MOVWF	STACK_8
;math.ppas,418 :: 		
$052E	$01F1			CLRF	STACK_1
;math.ppas,419 :: 		
$052F	$01F0			CLRF	STACK_0
;math.ppas,420 :: 		
$0530	$2D19			GOTO	$-23
;math.ppas,421 :: 		
$0531	$01F1			CLRF	STACK_1
;math.ppas,422 :: 		
$0532	$01F0			CLRF	STACK_0
;math.ppas,423 :: 		
$0533	$0AF0			INCF	STACK_0, F
;math.ppas,425 :: 		
$0534	$3400			RETLW	0
;math.ppas,426 :: 		
$0535	$09F1			COMF	STACK_1, F
;math.ppas,427 :: 		
$0536	$09F0			COMF	STACK_0, F
;math.ppas,428 :: 		
$0537	$0AFB			INCF	STACK_11, F
;math.ppas,430 :: 		
$0538	$2D16			GOTO	$-34
;math.ppas,431 :: 		
$0539	$0AF8			INCF	STACK_8, F
;math.ppas,432 :: 		
$053A	$1903			BTFSC	STATUS, Z
;math.ppas,433 :: 		
$053B	$0AF9			INCF	STACK_9, F
;math.ppas,434 :: 		
$053C	$0874			MOVF	STACK_4, W
;math.ppas,435 :: 		
$053D	$0278			SUBWF	STACK_8, W
;math.ppas,436 :: 		
$053E	$1D03			BTFSS	STATUS, Z
;math.ppas,437 :: 		
$053F	$2D19			GOTO	$-38
;math.ppas,438 :: 		
$0540	$0875			MOVF	STACK_5, W
;math.ppas,439 :: 		
$0541	$0279			SUBWF	STACK_9, W
;math.ppas,440 :: 		
$0542	$1D03			BTFSS	STATUS, Z
;math.ppas,441 :: 		
$0543	$2D19			GOTO	$-42
;math.ppas,442 :: 		
$0544	$01F9			CLRF	STACK_9
;math.ppas,443 :: 		
$0545	$01F8			CLRF	STACK_8
;math.ppas,444 :: 		
$0546	$0AF0			INCF	STACK_0, F
;math.ppas,445 :: 		
$0547	$1903			BTFSC	STATUS, Z
;math.ppas,446 :: 		
$0548	$0AF1			INCF	STACK_1, F
;math.ppas,447 :: 		
$0549	$1FF1			BTFSS	STACK_1, 7
;math.ppas,448 :: 		
$054A	$2D19			GOTO	$-49
;math.ppas,449 :: 		
$054B	$0000			NOP
;math.ppas,450 :: 		
$054C	$34FF			RETLW	255
;math.ppas,451 :: 		
$054D	$	math_L_7:
;math.ppas,452 :: 		
$054D	$0008			RETURN
$058D	$	_nrm3232:
$058D	$1303			BCF	STATUS, RP1
$058E	$1283			BCF	STATUS, RP0
;math_double.ppas,100 :: 		
;math_double.ppas,108 :: 		
$058F	$01AA			CLRF	MATH_DOUBLE___MATH_TEMPBD
;math_double.ppas,109 :: 		
$0590	$0872			MOVF	STACK_2, W
;math_double.ppas,110 :: 		
$0591	$1D03			BTFSS	STATUS, Z
;math_double.ppas,111 :: 		
$0592	$2DA4			GOTO	NORM3232
;math_double.ppas,112 :: 		
$0593	$0871			MOVF	STACK_1, W
;math_double.ppas,113 :: 		
$0594	$00F2			MOVWF	STACK_2
;math_double.ppas,114 :: 		
$0595	$0870			MOVF	STACK_0, W
;math_double.ppas,115 :: 		
$0596	$00F1			MOVWF	STACK_1
;math_double.ppas,116 :: 		
$0597	$01F0			CLRF	STACK_0
;math_double.ppas,118 :: 		
$0598	$15AA			BSF	MATH_DOUBLE___MATH_TEMPBD, 3
;math_double.ppas,119 :: 		
$0599	$0872			MOVF	STACK_2, W
;math_double.ppas,120 :: 		
$059A	$1D03			BTFSS	STATUS, Z
;math_double.ppas,121 :: 		
$059B	$2DA4			GOTO	NORM3232
;math_double.ppas,122 :: 		
$059C	$0871			MOVF	STACK_1, W
;math_double.ppas,123 :: 		
$059D	$00F2			MOVWF	STACK_2
;math_double.ppas,124 :: 		
$059E	$01F1			CLRF	STACK_1
;math_double.ppas,125 :: 		
$059F	$11AA			BCF	MATH_DOUBLE___MATH_TEMPBD, 3
;math_double.ppas,127 :: 		
$05A0	$162A			BSF	MATH_DOUBLE___MATH_TEMPBD, 4
;math_double.ppas,128 :: 		
$05A1	$0872			MOVF	STACK_2, W
;math_double.ppas,129 :: 		
$05A2	$1903			BTFSC	STATUS, Z
;math_double.ppas,130 :: 		
$05A3	$2DB2			GOTO	JPNRES032
;math_double.ppas,131 :: 		
$05A4	$	NORM3232:
;math_double.ppas,132 :: 		
$05A4	$082A			MOVF	MATH_DOUBLE___MATH_TEMPBD, W
;math_double.ppas,133 :: 		
$05A5	$02F3			SUBWF	STACK_3, F
;math_double.ppas,134 :: 		
$05A6	$1D03			BTFSS	STATUS, Z
;math_double.ppas,135 :: 		
$05A7	$1C03			BTFSS	STATUS, C
;math_double.ppas,136 :: 		
$05A8	$2DB6			GOTO	JPNSETFUN32
;math_double.ppas,137 :: 		
$05A9	$1003			BCF	STATUS, C
;math_double.ppas,138 :: 		
$05AA	$	NORM3232A:
;math_double.ppas,139 :: 		
$05AA	$1BF2			BTFSC	STACK_2, 7
;math_double.ppas,140 :: 		
$05AB	$2DBA			GOTO	JMPNFIXSIGN32
;math_double.ppas,141 :: 		
$05AC	$0DF0			RLF	STACK_0, F
;math_double.ppas,142 :: 		
$05AD	$0DF1			RLF	STACK_1, F
;math_double.ppas,143 :: 		
$05AE	$0DF2			RLF	STACK_2, F
;math_double.ppas,144 :: 		
$05AF	$0BF3			DECFSZ	STACK_3, F
;math_double.ppas,145 :: 		
$05B0	$2DAA			GOTO	NORM3232A
;math_double.ppas,146 :: 		
$05B1	$2DB6			GOTO	JPNSETFUN32
;math_double.ppas,147 :: 		
$05B2	$	JPNRES032:
;math_double.ppas,148 :: 		
$05B2	$3001			MOVLW	0X01
;math_double.ppas,149 :: 		
$05B3	$00FC			MOVWF	STACK_12
;math_double.ppas,151 :: 		
$05B4	$26B2			CALL	_res032
;math_double.ppas,153 :: 		
$05B5	$2DBD			GOTO	NORM32EEE
;math_double.ppas,154 :: 		
$05B6	$	JPNSETFUN32:
;math_double.ppas,155 :: 		
$05B6	$3002			MOVLW	0X02
;math_double.ppas,156 :: 		
$05B7	$00FC			MOVWF	STACK_12
;math_double.ppas,158 :: 		
$05B8	$269B			CALL	_setfun32
;math_double.ppas,160 :: 		
$05B9	$2DBD			GOTO	NORM32EEE
;math_double.ppas,161 :: 		
$05BA	$	JMPNFIXSIGN32:
;math_double.ppas,162 :: 		
$05BA	$3004			MOVLW	0X04
;math_double.ppas,163 :: 		
$05BB	$00FC			MOVWF	STACK_12
;math_double.ppas,165 :: 		
$05BC	$26CA			CALL	_fixsign32
;math_double.ppas,167 :: 		
$05BD	$	NORM32EEE:
;math_double.ppas,168 :: 		
$05BD	$	math_double_L_5:
;math_double.ppas,169 :: 		
$05BD	$0008			RETURN
$068D	$	_setfov32:
$068D	$1303			BCF	STATUS, RP1
$068E	$1283			BCF	STATUS, RP0
;math_double.ppas,11 :: 		
;math_double.ppas,18 :: 		
$068F	$14FB			BSF	STACK_11, 1
;math_double.ppas,19 :: 		
$0690	$1FFB			BTFSS	STACK_11, 7
;math_double.ppas,20 :: 		
$0691	$2E99			GOTO	SETFOV32EEE
;math_double.ppas,21 :: 		
$0692	$30FF			MOVLW	0XFF
;math_double.ppas,22 :: 		
$0693	$00F3			MOVWF	STACK_3
;math_double.ppas,23 :: 		
$0694	$00F2			MOVWF	STACK_2
;math_double.ppas,24 :: 		
$0695	$00F1			MOVWF	STACK_1
;math_double.ppas,25 :: 		
$0696	$00F0			MOVWF	STACK_0
;math_double.ppas,26 :: 		
$0697	$0DFA			RLF	STACK_10, F
;math_double.ppas,27 :: 		
$0698	$0CF2			RRF	STACK_2, F
;math_double.ppas,28 :: 		
$0699	$	SETFOV32EEE:
;math_double.ppas,29 :: 		
$0699	$30FF			MOVLW	0XFF
;math_double.ppas,30 :: 		
$069A	$	math_double_L_0:
;math_double.ppas,31 :: 		
$069A	$0008			RETURN
$067E	$	_setiov3224:
$067E	$1303			BCF	STATUS, RP1
$067F	$1283			BCF	STATUS, RP0
;math_double.ppas,888 :: 		
;math_double.ppas,894 :: 		
$0680	$147B			BSF	STACK_11, 0
;math_double.ppas,895 :: 		
$0681	$1FFB			BTFSS	STACK_11, 7
;math_double.ppas,897 :: 		
$0682	$2E8B			GOTO	SETIOV3224EEE
;math_double.ppas,898 :: 		
$0683	$01F2			CLRF	STACK_2
;math_double.ppas,899 :: 		
$0684	$1FFA			BTFSS	STACK_10, 7
;math_double.ppas,900 :: 		
$0685	$30FF			MOVLW	0XFF
;math_double.ppas,901 :: 		
$0686	$00F2			MOVWF	STACK_2
;math_double.ppas,902 :: 		
$0687	$00F1			MOVWF	STACK_1
;math_double.ppas,903 :: 		
$0688	$00F0			MOVWF	STACK_0
;math_double.ppas,904 :: 		
$0689	$0DFA			RLF	STACK_10, F
;math_double.ppas,905 :: 		
$068A	$0CF2			RRF	STACK_2, F
;math_double.ppas,906 :: 		
$068B	$	SETIOV3224EEE:
;math_double.ppas,907 :: 		
$068B	$30FF			MOVLW	0XFF
;math_double.ppas,908 :: 		
$068C	$	math_double_L_11:
;math_double.ppas,909 :: 		
$068C	$0008			RETURN
$0658	$	_lcd_init:
;lcd.ppas,246 :: 		
;lcd.ppas,247 :: 		
$0658	$1303			BCF	STATUS, RP1
$0659	$1283			BCF	STATUS, RP0
$065A	$0846			MOVF	FARG_Lcd_Init, 0
$065B	$00D1			MOVWF	FARG_Lcd_Config
$065C	$3007			MOVLW	7
$065D	$00D2			MOVWF	FARG_Lcd_Config+1
$065E	$3006			MOVLW	6
$065F	$00D3			MOVWF	FARG_Lcd_Config+2
$0660	$3005			MOVLW	5
$0661	$00D4			MOVWF	FARG_Lcd_Config+3
$0662	$3004			MOVLW	4
$0663	$00D5			MOVWF	FARG_Lcd_Config+4
$0664	$0846			MOVF	FARG_Lcd_Init, 0
$0665	$00D6			MOVWF	FARG_Lcd_Config+5
$0666	$3002			MOVLW	2
$0667	$00D7			MOVWF	FARG_Lcd_Config+6
$0668	$01D8			CLRF	FARG_Lcd_Config+7, 1
$0669	$3003			MOVLW	3
$066A	$00D9			MOVWF	FARG_Lcd_Config+8
$066B	$2168			CALL	_lcd_config
$066C	$	lcd_L_64:
;lcd.ppas,248 :: 		
$066C	$0008			RETURN
$03D1	$	_tela:
;VALVULALCD.pbas,20 :: 		sub procedure tela()
;VALVULALCD.pbas,21 :: 		Lcd_Out(1,1,"oC Tanque:")
$03D1	$3001			MOVLW	1
$03D2	$1303			BCF	STATUS, RP1
$03D3	$1283			BCF	STATUS, RP0
$03D4	$00D1			MOVWF	FARG_Lcd_Out
$03D5	$3001			MOVLW	1
$03D6	$00D2			MOVWF	FARG_Lcd_Out+1
$03D7	$306F			MOVLW	111
$03D8	$00C6			MOVWF	?tela_Local_Text+0
$03D9	$3043			MOVLW	67
$03DA	$00C7			MOVWF	?tela_Local_Text+1
$03DB	$3020			MOVLW	32
$03DC	$00C8			MOVWF	?tela_Local_Text+2
$03DD	$3054			MOVLW	84
$03DE	$00C9			MOVWF	?tela_Local_Text+3
$03DF	$3061			MOVLW	97
$03E0	$00CA			MOVWF	?tela_Local_Text+4
$03E1	$306E			MOVLW	110
$03E2	$00CB			MOVWF	?tela_Local_Text+5
$03E3	$3071			MOVLW	113
$03E4	$00CC			MOVWF	?tela_Local_Text+6
$03E5	$3075			MOVLW	117
$03E6	$00CD			MOVWF	?tela_Local_Text+7
$03E7	$3065			MOVLW	101
$03E8	$00CE			MOVWF	?tela_Local_Text+8
$03E9	$303A			MOVLW	58
$03EA	$00CF			MOVWF	?tela_Local_Text+9
$03EB	$01D0			CLRF	?tela_Local_Text+10
$03EC	$3046			MOVLW	?tela_Local_Text
$03ED	$00D3			MOVWF	FARG_Lcd_Out+2
$03EE	$254E			CALL	_lcd_out
;VALVULALCD.pbas,22 :: 		Lcd_Out(1,20,"S")
$03EF	$3001			MOVLW	1
$03F0	$00D1			MOVWF	FARG_Lcd_Out
$03F1	$3014			MOVLW	20
$03F2	$00D2			MOVWF	FARG_Lcd_Out+1
$03F3	$3053			MOVLW	83
$03F4	$00C6			MOVWF	?tela_Local_Text+0
$03F5	$01C7			CLRF	?tela_Local_Text+1
$03F6	$3046			MOVLW	?tela_Local_Text
$03F7	$00D3			MOVWF	FARG_Lcd_Out+2
$03F8	$254E			CALL	_lcd_out
;VALVULALCD.pbas,23 :: 		Lcd_Out(2,1,"oC V1:")
$03F9	$3002			MOVLW	2
$03FA	$00D1			MOVWF	FARG_Lcd_Out
$03FB	$3001			MOVLW	1
$03FC	$00D2			MOVWF	FARG_Lcd_Out+1
$03FD	$306F			MOVLW	111
$03FE	$00C6			MOVWF	?tela_Local_Text+0
$03FF	$3043			MOVLW	67
$0400	$00C7			MOVWF	?tela_Local_Text+1
$0401	$3020			MOVLW	32
$0402	$00C8			MOVWF	?tela_Local_Text+2
$0403	$3056			MOVLW	86
$0404	$00C9			MOVWF	?tela_Local_Text+3
$0405	$3031			MOVLW	49
$0406	$00CA			MOVWF	?tela_Local_Text+4
$0407	$303A			MOVLW	58
$0408	$00CB			MOVWF	?tela_Local_Text+5
$0409	$01CC			CLRF	?tela_Local_Text+6
$040A	$3046			MOVLW	?tela_Local_Text
$040B	$00D3			MOVWF	FARG_Lcd_Out+2
$040C	$254E			CALL	_lcd_out
;VALVULALCD.pbas,24 :: 		Lcd_Out(3,1,"oC V2:")
$040D	$3003			MOVLW	3
$040E	$00D1			MOVWF	FARG_Lcd_Out
$040F	$3001			MOVLW	1
$0410	$00D2			MOVWF	FARG_Lcd_Out+1
$0411	$306F			MOVLW	111
$0412	$00C6			MOVWF	?tela_Local_Text+0
$0413	$3043			MOVLW	67
$0414	$00C7			MOVWF	?tela_Local_Text+1
$0415	$3020			MOVLW	32
$0416	$00C8			MOVWF	?tela_Local_Text+2
$0417	$3056			MOVLW	86
$0418	$00C9			MOVWF	?tela_Local_Text+3
$0419	$3032			MOVLW	50
$041A	$00CA			MOVWF	?tela_Local_Text+4
$041B	$303A			MOVLW	58
$041C	$00CB			MOVWF	?tela_Local_Text+5
$041D	$01CC			CLRF	?tela_Local_Text+6
$041E	$3046			MOVLW	?tela_Local_Text
$041F	$00D3			MOVWF	FARG_Lcd_Out+2
$0420	$254E			CALL	_lcd_out
;VALVULALCD.pbas,25 :: 		Lcd_Out(4,1,"oC V3:")
$0421	$3004			MOVLW	4
$0422	$00D1			MOVWF	FARG_Lcd_Out
$0423	$3001			MOVLW	1
$0424	$00D2			MOVWF	FARG_Lcd_Out+1
$0425	$306F			MOVLW	111
$0426	$00C6			MOVWF	?tela_Local_Text+0
$0427	$3043			MOVLW	67
$0428	$00C7			MOVWF	?tela_Local_Text+1
$0429	$3020			MOVLW	32
$042A	$00C8			MOVWF	?tela_Local_Text+2
$042B	$3056			MOVLW	86
$042C	$00C9			MOVWF	?tela_Local_Text+3
$042D	$3033			MOVLW	51
$042E	$00CA			MOVWF	?tela_Local_Text+4
$042F	$303A			MOVLW	58
$0430	$00CB			MOVWF	?tela_Local_Text+5
$0431	$01CC			CLRF	?tela_Local_Text+6
$0432	$3046			MOVLW	?tela_Local_Text
$0433	$00D3			MOVWF	FARG_Lcd_Out+2
$0434	$254E			CALL	_lcd_out
$0435	$	VALVULALCD_L_0:
$0435	$0008			RETURN
$05BE	$	_adc_read:
;ADClib_A_B.ppas,12 :: 		
;ADClib_A_B.ppas,13 :: 		
$05BE	$3040			MOVLW	64
$05BF	$1303			BCF	STATUS, RP1
$05C0	$1283			BCF	STATUS, RP0
$05C1	$059F			ANDWF	ADCON0, 1
;ADClib_A_B.ppas,14 :: 		
$05C2	$30F0			MOVLW	240
$05C3	$1683			BSF	STATUS, RP0
$05C4	$049F			IORWF	ADCON1, 1
;ADClib_A_B.ppas,15 :: 		
$05C5	$1283			BCF	STATUS, RP0
$05C6	$179F			BSF	ADCON0, 7
;ADClib_A_B.ppas,16 :: 		
$05C7	$0846			MOVF	FARG_ADC_read, 0
$05C8	$00F0			MOVWF	STACK_0
$05C9	$0DF0			RLF	STACK_0, 1
$05CA	$1070			BCF	STACK_0, 0
$05CB	$0DF0			RLF	STACK_0, 1
$05CC	$1070			BCF	STACK_0, 0
$05CD	$0870			MOVF	STACK_0, 0
$05CE	$049F			IORWF	ADCON0, 1
;ADClib_A_B.ppas,17 :: 		
$05CF	$141F			BSF	ADCON0, 0
;ADClib_A_B.ppas,18 :: 		
$05D0	$26C3			CALL	_delay_22us
;ADClib_A_B.ppas,19 :: 		
$05D1	$149F			BSF	ADCON0, 1
;ADClib_A_B.ppas,20 :: 		
$05D2	$	ADClib_A_B_L_2:
$05D2	$081F			MOVF	ADCON0, 0
$05D3	$00F2			MOVWF	STACK_2
$05D4	$3000			MOVLW	0
$05D5	$18F2			BTFSC	STACK_2, 1
$05D6	$3001			MOVLW	1
$05D7	$00F2			MOVWF	STACK_2
$05D8	$0872			MOVF	STACK_2, 0
$05D9	$3A01			XORLW	1
$05DA	$1D03			BTFSS	STATUS, Z
$05DB	$2DDE			GOTO	ADClib_A_B_L_3
;ADClib_A_B.ppas,21 :: 		
$05DC	$0000			NOP
$05DD	$2DD2			GOTO	ADClib_A_B_L_2
$05DE	$	ADClib_A_B_L_3:
;ADClib_A_B.ppas,22 :: 		
$05DE	$081E			MOVF	ADRESH, 0
$05DF	$00F2			MOVWF	STACK_2
$05E0	$01F3			CLRF	STACK_2+1
$05E1	$0872			MOVF	STACK_2, 0
$05E2	$00F3			MOVWF	STACK_2+1
$05E3	$01F2			CLRF	STACK_2
$05E4	$0872			MOVF	STACK_2, 0
$05E5	$00C7			MOVWF	_adc_read_local_result
$05E6	$0873			MOVF	STACK_2+1, 0
$05E7	$00C8			MOVWF	_adc_read_local_result+1
;ADClib_A_B.ppas,23 :: 		
$05E8	$1683			BSF	STATUS, RP0
$05E9	$081E			MOVF	ADRESL, 0
$05EA	$0472			IORWF	STACK_2, 0
$05EB	$1283			BCF	STATUS, RP0
$05EC	$00C7			MOVWF	_adc_read_local_result
$05ED	$0873			MOVF	STACK_2+1, 0
$05EE	$00C8			MOVWF	_adc_read_local_result+1
$05EF	$3000			MOVLW	0
$05F0	$04C8			IORWF	_adc_read_local_result+1, 1
;ADClib_A_B.ppas,24 :: 		
$05F1	$101F			BCF	ADCON0, 0
$05F2	$	ADClib_A_B_L_0:
;ADClib_A_B.ppas,25 :: 		
$05F2	$0847			MOVF	_adc_read_local_result, 0
$05F3	$00F0			MOVWF	STACK_0
$05F4	$0848			MOVF	_adc_read_local_result+1, 0
$05F5	$00F1			MOVWF	STACK_0+1
$05F6	$0008			RETURN
$032E	$	_inttostr:
;conv.ppas,100 :: 		
;conv.ppas,101 :: 		
$032E	$1303			BCF	STATUS, RP1
$032F	$1283			BCF	STATUS, RP0
$0330	$0847			MOVF	FARG_IntToStr+1, 0
$0331	$3A80			XORLW	128
$0332	$1D03			BTFSS	STATUS, Z
$0333	$2B36			GOTO	L_IntToStr_4
$0334	$3000			MOVLW	0
$0335	$0646			XORWF	FARG_IntToStr, 0
$0336	$	L_IntToStr_4:
$0336	$1D03			BTFSS	STATUS, Z
$0337	$2B4E			GOTO	conv_L_57
$0338	$	conv_L_56:
;conv.ppas,103 :: 		
$0338	$0848			MOVF	FARG_IntToStr+2, 0
$0339	$0084			MOVWF	FSR
$033A	$302D			MOVLW	45
$033B	$0080			MOVWF	INDF
$033C	$0A84			INCF	FSR, 1
$033D	$3033			MOVLW	51
$033E	$0080			MOVWF	INDF
$033F	$0A84			INCF	FSR, 1
$0340	$3032			MOVLW	50
$0341	$0080			MOVWF	INDF
$0342	$0A84			INCF	FSR, 1
$0343	$3037			MOVLW	55
$0344	$0080			MOVWF	INDF
$0345	$0A84			INCF	FSR, 1
$0346	$3036			MOVLW	54
$0347	$0080			MOVWF	INDF
$0348	$0A84			INCF	FSR, 1
$0349	$3038			MOVLW	56
$034A	$0080			MOVWF	INDF
$034B	$0A84			INCF	FSR, 1
$034C	$0180			CLRF	INDF
;conv.ppas,104 :: 		
$034D	$2BD0			GOTO	conv_L_55
;conv.ppas,105 :: 		
$034E	$	conv_L_57:
$034E	$	conv_L_58:
;conv.ppas,106 :: 		
$034E	$01CA			CLRF	_inttostr_local_negative, 1
;conv.ppas,107 :: 		
$034F	$3080			MOVLW	128
$0350	$0647			XORWF	FARG_IntToStr+1, 0
$0351	$00F0			MOVWF	STACK_0
$0352	$3080			MOVLW	128
$0353	$0270			SUBWF	STACK_0, 0
$0354	$1D03			BTFSS	STATUS, Z
$0355	$2B58			GOTO	L_IntToStr_5
$0356	$3000			MOVLW	0
$0357	$0246			SUBWF	FARG_IntToStr, 0
$0358	$	L_IntToStr_5:
$0358	$1803			BTFSC	STATUS, C
$0359	$2B64			GOTO	conv_L_61
$035A	$	conv_L_60:
;conv.ppas,109 :: 		
$035A	$30FF			MOVLW	255
$035B	$00CA			MOVWF	_inttostr_local_negative
;conv.ppas,110 :: 		
$035C	$0846			MOVF	FARG_IntToStr, 0
$035D	$3C00			SUBLW	0
$035E	$00C6			MOVWF	FARG_IntToStr
$035F	$0847			MOVF	FARG_IntToStr+1, 0
$0360	$1C03			BTFSS	STATUS, C
$0361	$3F01			ADDLW	1
$0362	$01C7			CLRF	FARG_IntToStr+1
$0363	$02C7			SUBWF	FARG_IntToStr+1, 1
;conv.ppas,111 :: 		
$0364	$	conv_L_61:
$0364	$	conv_L_62:
;conv.ppas,112 :: 		
$0364	$3001			MOVLW	1
$0365	$00C9			MOVWF	_inttostr_local_len
;conv.ppas,113 :: 		
$0366	$3080			MOVLW	128
$0367	$00F0			MOVWF	STACK_0
$0368	$3080			MOVLW	128
$0369	$0647			XORWF	FARG_IntToStr+1, 0
$036A	$0270			SUBWF	STACK_0, 0
$036B	$1D03			BTFSS	STATUS, Z
$036C	$2B6F			GOTO	L_IntToStr_6
$036D	$0846			MOVF	FARG_IntToStr, 0
$036E	$3C09			SUBLW	9
$036F	$	L_IntToStr_6:
$036F	$1803			BTFSC	STATUS, C
$0370	$2B72			GOTO	conv_L_64
$0371	$	conv_L_63:
;conv.ppas,114 :: 		
$0371	$0AC9			INCF	_inttostr_local_len, 1
$0372	$	conv_L_64:
$0372	$	conv_L_65:
;conv.ppas,115 :: 		
$0372	$3080			MOVLW	128
$0373	$00F0			MOVWF	STACK_0
$0374	$3080			MOVLW	128
$0375	$0647			XORWF	FARG_IntToStr+1, 0
$0376	$0270			SUBWF	STACK_0, 0
$0377	$1D03			BTFSS	STATUS, Z
$0378	$2B7B			GOTO	L_IntToStr_7
$0379	$0846			MOVF	FARG_IntToStr, 0
$037A	$3C63			SUBLW	99
$037B	$	L_IntToStr_7:
$037B	$1803			BTFSC	STATUS, C
$037C	$2B7E			GOTO	conv_L_67
$037D	$	conv_L_66:
;conv.ppas,116 :: 		
$037D	$0AC9			INCF	_inttostr_local_len, 1
$037E	$	conv_L_67:
$037E	$	conv_L_68:
;conv.ppas,117 :: 		
$037E	$3080			MOVLW	128
$037F	$3A03			XORLW	3
$0380	$00F0			MOVWF	STACK_0
$0381	$3080			MOVLW	128
$0382	$0647			XORWF	FARG_IntToStr+1, 0
$0383	$0270			SUBWF	STACK_0, 0
$0384	$1D03			BTFSS	STATUS, Z
$0385	$2B88			GOTO	L_IntToStr_8
$0386	$0846			MOVF	FARG_IntToStr, 0
$0387	$3CE7			SUBLW	231
$0388	$	L_IntToStr_8:
$0388	$1803			BTFSC	STATUS, C
$0389	$2B8B			GOTO	conv_L_70
$038A	$	conv_L_69:
;conv.ppas,118 :: 		
$038A	$0AC9			INCF	_inttostr_local_len, 1
$038B	$	conv_L_70:
$038B	$	conv_L_71:
;conv.ppas,119 :: 		
$038B	$3080			MOVLW	128
$038C	$3A27			XORLW	39
$038D	$00F0			MOVWF	STACK_0
$038E	$3080			MOVLW	128
$038F	$0647			XORWF	FARG_IntToStr+1, 0
$0390	$0270			SUBWF	STACK_0, 0
$0391	$1D03			BTFSS	STATUS, Z
$0392	$2B95			GOTO	L_IntToStr_9
$0393	$0846			MOVF	FARG_IntToStr, 0
$0394	$3C0F			SUBLW	15
$0395	$	L_IntToStr_9:
$0395	$1803			BTFSC	STATUS, C
$0396	$2B98			GOTO	conv_L_73
$0397	$	conv_L_72:
;conv.ppas,120 :: 		
$0397	$0AC9			INCF	_inttostr_local_len, 1
$0398	$	conv_L_73:
$0398	$	conv_L_74:
;conv.ppas,121 :: 		
$0398	$0848			MOVF	FARG_IntToStr+2, 0
$0399	$0084			MOVWF	FSR
$039A	$3020			MOVLW	32
$039B	$0080			MOVWF	INDF
$039C	$0A84			INCF	FSR, 1
$039D	$0080			MOVWF	INDF
$039E	$0A84			INCF	FSR, 1
$039F	$0080			MOVWF	INDF
$03A0	$0A84			INCF	FSR, 1
$03A1	$0080			MOVWF	INDF
$03A2	$0A84			INCF	FSR, 1
$03A3	$0080			MOVWF	INDF
$03A4	$0A84			INCF	FSR, 1
$03A5	$0080			MOVWF	INDF
$03A6	$0A84			INCF	FSR, 1
$03A7	$0180			CLRF	INDF
;conv.ppas,122 :: 		
$03A8	$0384			DECF	FSR, 1
;conv.ppas,123 :: 		
$03A9	$	conv_L_77:
$03A9	$0849			MOVF	_inttostr_local_len, 0
$03AA	$3C00			SUBLW	0
$03AB	$1803			BTFSC	STATUS, C
$03AC	$2BCB			GOTO	conv_L_78
;conv.ppas,125 :: 		
$03AD	$300A			MOVLW	10
$03AE	$00F4			MOVWF	STACK_4
$03AF	$01F5			CLRF	STACK_4+1
$03B0	$0846			MOVF	FARG_IntToStr, 0
$03B1	$00F0			MOVWF	STACK_0
$03B2	$0847			MOVF	FARG_IntToStr+1, 0
$03B3	$00F1			MOVWF	STACK_0+1
$03B4	$24F4			CALL	_div_16x16_s
$03B5	$0878			MOVF	STACK_8, 0
$03B6	$00F0			MOVWF	STACK_0
$03B7	$0879			MOVF	STACK_9, 0
$03B8	$00F1			MOVWF	STACK_1
$03B9	$3030			MOVLW	48
$03BA	$0770			ADDWF	STACK_0, 0
$03BB	$0080			MOVWF	INDF
;conv.ppas,126 :: 		
;conv.ppas,127 :: 		
$03BC	$0384			DECF	FSR, 1
;conv.ppas,128 :: 		
$03BD	$300A			MOVLW	10
$03BE	$00F4			MOVWF	STACK_4
$03BF	$01F5			CLRF	STACK_4+1
$03C0	$0846			MOVF	FARG_IntToStr, 0
$03C1	$00F0			MOVWF	STACK_0
$03C2	$0847			MOVF	FARG_IntToStr+1, 0
$03C3	$00F1			MOVWF	STACK_0+1
$03C4	$24F4			CALL	_div_16x16_s
$03C5	$0870			MOVF	STACK_0, 0
$03C6	$00C6			MOVWF	FARG_IntToStr
$03C7	$0871			MOVF	STACK_0+1, 0
$03C8	$00C7			MOVWF	FARG_IntToStr+1
;conv.ppas,129 :: 		
$03C9	$03C9			DECF	_inttostr_local_len, 1
;conv.ppas,130 :: 		
$03CA	$2BA9			GOTO	conv_L_77
$03CB	$	conv_L_78:
;conv.ppas,131 :: 		
$03CB	$084A			MOVF	_inttostr_local_negative, 0
$03CC	$1903			BTFSC	STATUS, Z
$03CD	$2BD0			GOTO	conv_L_82
$03CE	$	conv_L_81:
;conv.ppas,133 :: 		
$03CE	$302D			MOVLW	45
$03CF	$0080			MOVWF	INDF
;conv.ppas,134 :: 		
$03D0	$	conv_L_82:
$03D0	$	conv_L_83:
$03D0	$	conv_L_55:
;conv.ppas,135 :: 		
$03D0	$0008			RETURN
$0624	$	_int2double:
$0624	$1303			BCF	STATUS, RP1
$0625	$1283			BCF	STATUS, RP0
;math_double.ppas,1681 :: 		
;math_double.ppas,1687 :: 		
$0626	$0870			MOVF	STACK_0, W
;math_double.ppas,1688 :: 		
$0627	$00F8			MOVWF	STACK_8
;math_double.ppas,1689 :: 		
$0628	$0871			MOVF	STACK_1, W
;math_double.ppas,1690 :: 		
$0629	$00F0			MOVWF	STACK_0
;math_double.ppas,1691 :: 		
$062A	$01F1			CLRF	STACK_1
;math_double.ppas,1692 :: 		
$062B	$01F2			CLRF	STACK_2
;math_double.ppas,1694 :: 		
$062C	$01F3			CLRF	STACK_3
;math_double.ppas,1695 :: 		
$062D	$	FLO1632:
;math_double.ppas,1696 :: 		
$062D	$01FB			CLRF	STACK_11
;math_double.ppas,1698 :: 		
$062E	$01FC			CLRF	STACK_12
;math_double.ppas,1699 :: 		
$062F	$3096			MOVLW	150
;math_double.ppas,1700 :: 		
$0630	$00F3			MOVWF	STACK_3
;math_double.ppas,1701 :: 		
$0631	$01FA			CLRF	STACK_10
;math_double.ppas,1702 :: 		
$0632	$1FF0			BTFSS	STACK_0, 7
;math_double.ppas,1704 :: 		
$0633	$2E3A			GOTO	FLO1632EEE
;math_double.ppas,1705 :: 		
$0634	$09F8			COMF	STACK_8, F
;math_double.ppas,1707 :: 		
$0635	$09F0			COMF	STACK_0, F
;math_double.ppas,1708 :: 		
$0636	$0AF8			INCF	STACK_8, F
;math_double.ppas,1709 :: 		
$0637	$1903			BTFSC	STATUS, Z
;math_double.ppas,1711 :: 		
$0638	$0AF0			INCF	STACK_0, F
;math_double.ppas,1712 :: 		
$0639	$17FA			BSF	STACK_10, 7
;math_double.ppas,1713 :: 		
$063A	$	FLO1632EEE:
;math_double.ppas,1714 :: 		
$063A	$0870			MOVF	STACK_0, W
;math_double.ppas,1715 :: 		
$063B	$00F1			MOVWF	STACK_1
;math_double.ppas,1716 :: 		
$063C	$0878			MOVF	STACK_8, W
;math_double.ppas,1717 :: 		
$063D	$00F0			MOVWF	STACK_0
;math_double.ppas,1718 :: 		
$063E	$01F8			CLRF	STACK_8
;math_double.ppas,1719 :: 		
$063F	$01F2			CLRF	STACK_2
;math_double.ppas,1721 :: 		
$0640	$258D			CALL	_nrm3232
$0641	$	math_double_L_18:
;math_double.ppas,1722 :: 		
$0641	$0008			RETURN
$0436	$	_mul_32x32_fp:
$0436	$1303			BCF	STATUS, RP1
$0437	$1283			BCF	STATUS, RP0
;math_double.ppas,527 :: 		
;math_double.ppas,541 :: 		
$0438	$	FPM32:
;math_double.ppas,542 :: 		
$0438	$01FB			CLRF	STACK_11
;math_double.ppas,543 :: 		
$0439	$0873			MOVF	STACK_3, W
;math_double.ppas,544 :: 		
$043A	$1D03			BTFSS	STATUS, Z
;math_double.ppas,545 :: 		
$043B	$0877			MOVF	STACK_7, W
;math_double.ppas,546 :: 		
$043C	$1903			BTFSC	STATUS, Z
;math_double.ppas,547 :: 		
$043D	$2C8D			GOTO	JPMRES032
;math_double.ppas,548 :: 		
$043E	$	M32BNE0:
;math_double.ppas,549 :: 		
$043E	$0872			MOVF	STACK_2, W
;math_double.ppas,550 :: 		
$043F	$0676			XORWF	STACK_6, W
;math_double.ppas,551 :: 		
$0440	$00FA			MOVWF	STACK_10
;math_double.ppas,552 :: 		
$0441	$0877			MOVF	STACK_7, W
;math_double.ppas,553 :: 		
$0442	$07F3			ADDWF	STACK_3, F
;math_double.ppas,554 :: 		
$0443	$307E			MOVLW	126
;math_double.ppas,555 :: 		
$0444	$1C03			BTFSS	STATUS, C
;math_double.ppas,556 :: 		
$0445	$2C4A			GOTO	MTUN32
;math_double.ppas,557 :: 		
$0446	$02F3			SUBWF	STACK_3, F
;math_double.ppas,558 :: 		
$0447	$1803			BTFSC	STATUS, C
;math_double.ppas,559 :: 		
$0448	$2C90			GOTO	JPMSETFOV32
;math_double.ppas,560 :: 		
$0449	$2C4D			GOTO	MOK32
;math_double.ppas,561 :: 		
$044A	$	MTUN32:
;math_double.ppas,562 :: 		
$044A	$02F3			SUBWF	STACK_3, F
;math_double.ppas,563 :: 		
$044B	$1C03			BTFSS	STATUS, C
;math_double.ppas,564 :: 		
$044C	$2C93			GOTO	JPMSETFUN32
;math_double.ppas,565 :: 		
$044D	$	MOK32:
;math_double.ppas,566 :: 		
$044D	$0872			MOVF	STACK_2, W
;math_double.ppas,567 :: 		
$044E	$00F8			MOVWF	STACK_8
;math_double.ppas,568 :: 		
$044F	$0871			MOVF	STACK_1, W
;math_double.ppas,569 :: 		
$0450	$00FC			MOVWF	STACK_12
;math_double.ppas,570 :: 		
$0451	$0870			MOVF	STACK_0, W
;math_double.ppas,571 :: 		
$0452	$00FD			MOVWF	STACK_13
;math_double.ppas,572 :: 		
$0453	$17F8			BSF	STACK_8, 7
;math_double.ppas,573 :: 		
$0454	$17F6			BSF	STACK_6, 7
;math_double.ppas,574 :: 		
$0455	$1003			BCF	STATUS, C
;math_double.ppas,575 :: 		
$0456	$01F2			CLRF	STACK_2
;math_double.ppas,576 :: 		
$0457	$01F1			CLRF	STACK_1
;math_double.ppas,577 :: 		
$0458	$01F0			CLRF	STACK_0
;math_double.ppas,578 :: 		
$0459	$3018			MOVLW	24
;math_double.ppas,579 :: 		
$045A	$00AA			MOVWF	MATH_DOUBLE___MATH_TEMPBD
;math_double.ppas,580 :: 		
$045B	$	MLOOP32:
;math_double.ppas,581 :: 		
$045B	$1C7D			BTFSS	STACK_13, 0
;math_double.ppas,582 :: 		
$045C	$2C67			GOTO	MNOADD32
;math_double.ppas,583 :: 		
$045D	$	MADD32:
;math_double.ppas,584 :: 		
$045D	$0874			MOVF	STACK_4, W
;math_double.ppas,585 :: 		
$045E	$07F0			ADDWF	STACK_0, F
;math_double.ppas,586 :: 		
$045F	$0875			MOVF	STACK_5, W
;math_double.ppas,587 :: 		
$0460	$1803			BTFSC	STATUS, C
;math_double.ppas,588 :: 		
$0461	$0F75			INCFSZ	STACK_5, W
;math_double.ppas,589 :: 		
$0462	$07F1			ADDWF	STACK_1, F
;math_double.ppas,590 :: 		
$0463	$0876			MOVF	STACK_6, W
;math_double.ppas,591 :: 		
$0464	$1803			BTFSC	STATUS, C
;math_double.ppas,592 :: 		
$0465	$0F76			INCFSZ	STACK_6, W
;math_double.ppas,593 :: 		
$0466	$07F2			ADDWF	STACK_2, F
;math_double.ppas,594 :: 		
$0467	$	MNOADD32:
;math_double.ppas,595 :: 		
$0467	$0CF2			RRF	STACK_2, F
;math_double.ppas,596 :: 		
$0468	$0CF1			RRF	STACK_1, F
;math_double.ppas,597 :: 		
$0469	$0CF0			RRF	STACK_0, F
;math_double.ppas,598 :: 		
$046A	$0CF8			RRF	STACK_8, F
;math_double.ppas,599 :: 		
$046B	$0CFC			RRF	STACK_12, F
;math_double.ppas,600 :: 		
$046C	$0CFD			RRF	STACK_13, F
;math_double.ppas,601 :: 		
$046D	$1003			BCF	STATUS, C
;math_double.ppas,602 :: 		
$046E	$0BAA			DECFSZ	MATH_DOUBLE___MATH_TEMPBD, F
;math_double.ppas,603 :: 		
$046F	$2C5B			GOTO	MLOOP32
;math_double.ppas,604 :: 		
$0470	$1BF2			BTFSC	STACK_2, 7
;math_double.ppas,605 :: 		
$0471	$2C77			GOTO	MROUND32
;math_double.ppas,606 :: 		
$0472	$0DF8			RLF	STACK_8, F
;math_double.ppas,607 :: 		
$0473	$0DF0			RLF	STACK_0, F
;math_double.ppas,608 :: 		
$0474	$0DF1			RLF	STACK_1, F
;math_double.ppas,609 :: 		
$0475	$0DF2			RLF	STACK_2, F
;math_double.ppas,610 :: 		
$0476	$03F3			DECF	STACK_3, F
;math_double.ppas,611 :: 		
$0477	$	MROUND32:
;math_double.ppas,612 :: 		
$0477	$1B7B			BTFSC	STACK_11, 6
;math_double.ppas,613 :: 		
$0478	$1C70			BTFSS	STACK_0, 0
;math_double.ppas,614 :: 		
$0479	$2C89			GOTO	MUL32OK
;math_double.ppas,615 :: 		
$047A	$1FF8			BTFSS	STACK_8, 7
;math_double.ppas,616 :: 		
$047B	$2C89			GOTO	MUL32OK
;math_double.ppas,617 :: 		
$047C	$0AF0			INCF	STACK_0, F
;math_double.ppas,618 :: 		
$047D	$1903			BTFSC	STATUS, Z
;math_double.ppas,619 :: 		
$047E	$0AF1			INCF	STACK_1, F
;math_double.ppas,620 :: 		
$047F	$1903			BTFSC	STATUS, Z
;math_double.ppas,621 :: 		
$0480	$0AF2			INCF	STACK_2, F
;math_double.ppas,622 :: 		
$0481	$1D03			BTFSS	STATUS, Z
;math_double.ppas,623 :: 		
$0482	$2C89			GOTO	MUL32OK
;math_double.ppas,624 :: 		
$0483	$0CF2			RRF	STACK_2, F
;math_double.ppas,625 :: 		
$0484	$0CF1			RRF	STACK_1, F
;math_double.ppas,626 :: 		
$0485	$0CF0			RRF	STACK_0, F
;math_double.ppas,627 :: 		
$0486	$0AF3			INCF	STACK_3, F
;math_double.ppas,628 :: 		
$0487	$1903			BTFSC	STATUS, Z
;math_double.ppas,629 :: 		
$0488	$2C90			GOTO	JPMSETFOV32
;math_double.ppas,630 :: 		
$0489	$	MUL32OK:
;math_double.ppas,631 :: 		
$0489	$1FFA			BTFSS	STACK_10, 7
;math_double.ppas,632 :: 		
$048A	$13F2			BCF	STACK_2, 7
;math_double.ppas,634 :: 		
$048B	$3000			MOVLW	0X00
;math_double.ppas,635 :: 		
$048C	$2C95			GOTO	MUL32EEE
;math_double.ppas,636 :: 		
$048D	$	JPMRES032:
;math_double.ppas,638 :: 		
$048D	$3001			MOVLW	0X01
;math_double.ppas,640 :: 		
$048E	$26B2			CALL	_res032
;math_double.ppas,642 :: 		
$048F	$2C95			GOTO	MUL32EEE
;math_double.ppas,643 :: 		
$0490	$	JPMSETFOV32:
;math_double.ppas,645 :: 		
$0490	$3002			MOVLW	0X02
;math_double.ppas,647 :: 		
$0491	$268D			CALL	_setfov32
;math_double.ppas,649 :: 		
$0492	$2C95			GOTO	MUL32EEE
;math_double.ppas,650 :: 		
$0493	$	JPMSETFUN32:
;math_double.ppas,652 :: 		
$0493	$3004			MOVLW	0X04
;math_double.ppas,654 :: 		
$0494	$269B			CALL	_setfun32
;math_double.ppas,656 :: 		
$0495	$	MUL32EEE:
;math_double.ppas,657 :: 		
$0495	$0000			NOP
;math_double.ppas,658 :: 		
$0496	$	math_double_L_9:
;math_double.ppas,659 :: 		
$0496	$0008			RETURN
$0642	$	_word2double:
$0642	$1303			BCF	STATUS, RP1
$0643	$1283			BCF	STATUS, RP0
;math_double.ppas,1729 :: 		
;math_double.ppas,1735 :: 		
$0644	$0870			MOVF	STACK_0, W
;math_double.ppas,1736 :: 		
$0645	$00F8			MOVWF	STACK_8
;math_double.ppas,1737 :: 		
$0646	$0871			MOVF	STACK_1, W
;math_double.ppas,1738 :: 		
$0647	$00F0			MOVWF	STACK_0
;math_double.ppas,1739 :: 		
$0648	$01F1			CLRF	STACK_1
;math_double.ppas,1740 :: 		
$0649	$01F2			CLRF	STACK_2
;math_double.ppas,1742 :: 		
$064A	$01F3			CLRF	STACK_3
;math_double.ppas,1743 :: 		
$064B	$	FLO16U32:
;math_double.ppas,1744 :: 		
$064B	$01FB			CLRF	STACK_11
;math_double.ppas,1746 :: 		
$064C	$01FC			CLRF	STACK_12
;math_double.ppas,1747 :: 		
$064D	$3096			MOVLW	150
;math_double.ppas,1748 :: 		
$064E	$00F3			MOVWF	STACK_3
;math_double.ppas,1750 :: 		
$064F	$01FA			CLRF	STACK_10
;math_double.ppas,1751 :: 		
$0650	$0870			MOVF	STACK_0, W
;math_double.ppas,1752 :: 		
$0651	$00F1			MOVWF	STACK_1
;math_double.ppas,1753 :: 		
$0652	$0878			MOVF	STACK_8, W
;math_double.ppas,1754 :: 		
$0653	$00F0			MOVWF	STACK_0
;math_double.ppas,1755 :: 		
$0654	$01F8			CLRF	STACK_8
;math_double.ppas,1756 :: 		
$0655	$01F2			CLRF	STACK_2
;math_double.ppas,1758 :: 		
$0656	$258D			CALL	_nrm3232
$0657	$	math_double_L_19:
;math_double.ppas,1759 :: 		
$0657	$0008			RETURN
$0497	$	_double2int:
$0497	$1303			BCF	STATUS, RP1
$0498	$1283			BCF	STATUS, RP0
;math_double.ppas,1272 :: 		
;math_double.ppas,1280 :: 		
$0499	$	INT3216:
;math_double.ppas,1281 :: 		
$0499	$01FB			CLRF	STACK_11
;math_double.ppas,1282 :: 		
$049A	$0873			MOVF	STACK_3, W
;math_double.ppas,1283 :: 		
$049B	$1903			BTFSC	STATUS, Z
;math_double.ppas,1285 :: 		
$049C	$2CD4			GOTO	IRES016
;math_double.ppas,1286 :: 		
$049D	$0872			MOVF	STACK_2, W
;math_double.ppas,1287 :: 		
$049E	$00FA			MOVWF	STACK_10
;math_double.ppas,1289 :: 		
$049F	$17F2			BSF	STACK_2, 7
;math_double.ppas,1290 :: 		
$04A0	$308E			MOVLW	142
;math_double.ppas,1291 :: 		
$04A1	$02F3			SUBWF	STACK_3, F
;math_double.ppas,1292 :: 		
$04A2	$1FF3			BTFSS	STACK_3, 7
;math_double.ppas,1293 :: 		
$04A3	$2CD7			GOTO	SETIOV16
;math_double.ppas,1294 :: 		
$04A4	$09F3			COMF	STACK_3, F
;math_double.ppas,1296 :: 		
$04A5	$0AF3			INCF	STACK_3, F
;math_double.ppas,1297 :: 		
$04A6	$3008			MOVLW	8
;math_double.ppas,1298 :: 		
$04A7	$0273			SUBWF	STACK_3, W
;math_double.ppas,1299 :: 		
$04A8	$1C03			BTFSS	STATUS, C
;math_double.ppas,1300 :: 		
$04A9	$2CBA			GOTO	TSHIFT3216
;math_double.ppas,1301 :: 		
$04AA	$00F3			MOVWF	STACK_3
;math_double.ppas,1302 :: 		
$04AB	$0DF1			RLF	STACK_1, F
;math_double.ppas,1303 :: 		
$04AC	$0872			MOVF	STACK_2, W
;math_double.ppas,1304 :: 		
$04AD	$00F1			MOVWF	STACK_1
;math_double.ppas,1306 :: 		
$04AE	$01F2			CLRF	STACK_2
;math_double.ppas,1307 :: 		
$04AF	$3008			MOVLW	8
;math_double.ppas,1308 :: 		
$04B0	$0273			SUBWF	STACK_3, W
;math_double.ppas,1309 :: 		
$04B1	$1C03			BTFSS	STATUS, C
;math_double.ppas,1310 :: 		
$04B2	$2CBA			GOTO	TSHIFT3216
;math_double.ppas,1311 :: 		
$04B3	$00F3			MOVWF	STACK_3
;math_double.ppas,1312 :: 		
$04B4	$0DF1			RLF	STACK_1, F
;math_double.ppas,1314 :: 		
$04B5	$01F1			CLRF	STACK_1
;math_double.ppas,1315 :: 		
$04B6	$0873			MOVF	STACK_3, W
;math_double.ppas,1316 :: 		
$04B7	$1D03			BTFSS	STATUS, Z
;math_double.ppas,1317 :: 		
$04B8	$1003			BCF	STATUS, C
;math_double.ppas,1318 :: 		
$04B9	$2CC2			GOTO	SHIFT3216OK
;math_double.ppas,1319 :: 		
$04BA	$	TSHIFT3216:
;math_double.ppas,1320 :: 		
$04BA	$0873			MOVF	STACK_3, W
;math_double.ppas,1321 :: 		
$04BB	$1903			BTFSC	STATUS, Z
;math_double.ppas,1322 :: 		
$04BC	$2CC2			GOTO	SHIFT3216OK
;math_double.ppas,1323 :: 		
$04BD	$	SHIFT3216:
;math_double.ppas,1324 :: 		
$04BD	$1003			BCF	STATUS, C
;math_double.ppas,1325 :: 		
$04BE	$0CF2			RRF	STACK_2, F
;math_double.ppas,1326 :: 		
$04BF	$0CF1			RRF	STACK_1, F
;math_double.ppas,1327 :: 		
$04C0	$0BF3			DECFSZ	STACK_3, F
;math_double.ppas,1328 :: 		
$04C1	$2CBD			GOTO	SHIFT3216
;math_double.ppas,1329 :: 		
$04C2	$	SHIFT3216OK:
;math_double.ppas,1330 :: 		
$04C2	$1B7B			BTFSC	STACK_11, 6
;math_double.ppas,1331 :: 		
$04C3	$1C71			BTFSS	STACK_1, 0
;math_double.ppas,1332 :: 		
$04C4	$2CCC			GOTO	INT3216OK
;math_double.ppas,1333 :: 		
$04C5	$1C03			BTFSS	STATUS, C
;math_double.ppas,1334 :: 		
$04C6	$2CCC			GOTO	INT3216OK
;math_double.ppas,1335 :: 		
$04C7	$0AF1			INCF	STACK_1, F
;math_double.ppas,1336 :: 		
$04C8	$1903			BTFSC	STATUS, Z
;math_double.ppas,1337 :: 		
$04C9	$0AF2			INCF	STACK_2, F
;math_double.ppas,1338 :: 		
$04CA	$1BF2			BTFSC	STACK_2, 7
;math_double.ppas,1339 :: 		
$04CB	$2CE3			GOTO	JPJSETIOV3224
;math_double.ppas,1340 :: 		
$04CC	$	INT3216OK:
;math_double.ppas,1341 :: 		
$04CC	$1FFA			BTFSS	STACK_10, 7
;math_double.ppas,1343 :: 		
$04CD	$2CE6			GOTO	INT3216EOK
;math_double.ppas,1344 :: 		
$04CE	$09F2			COMF	STACK_2, F
;math_double.ppas,1345 :: 		
$04CF	$09F1			COMF	STACK_1, F
;math_double.ppas,1346 :: 		
$04D0	$0AF1			INCF	STACK_1, F
;math_double.ppas,1347 :: 		
$04D1	$1903			BTFSC	STATUS, Z
;math_double.ppas,1348 :: 		
$04D2	$0AF2			INCF	STACK_2, F
;math_double.ppas,1350 :: 		
$04D3	$2CE6			GOTO	INT3216EOK
;math_double.ppas,1351 :: 		
$04D4	$	IRES016:
;math_double.ppas,1352 :: 		
$04D4	$01F2			CLRF	STACK_2
;math_double.ppas,1353 :: 		
$04D5	$01F1			CLRF	STACK_1
;math_double.ppas,1354 :: 		
$04D6	$2CE6			GOTO	INT3216EOK
;math_double.ppas,1355 :: 		
$04D7	$	SETIOV16:
;math_double.ppas,1356 :: 		
$04D7	$147B			BSF	STACK_11, 0
;math_double.ppas,1357 :: 		
$04D8	$1FFB			BTFSS	STACK_11, 7
;math_double.ppas,1359 :: 		
$04D9	$2CE9			GOTO	INT3216EER
;math_double.ppas,1360 :: 		
$04DA	$01F2			CLRF	STACK_2
;math_double.ppas,1361 :: 		
$04DB	$1FFA			BTFSS	STACK_10, 7
;math_double.ppas,1362 :: 		
$04DC	$2CE9			GOTO	INT3216EER
;math_double.ppas,1363 :: 		
$04DD	$30FF			MOVLW	0XFF
;math_double.ppas,1364 :: 		
$04DE	$00F2			MOVWF	STACK_2
;math_double.ppas,1365 :: 		
$04DF	$00F1			MOVWF	STACK_1
;math_double.ppas,1366 :: 		
$04E0	$0DFA			RLF	STACK_10, F
;math_double.ppas,1367 :: 		
$04E1	$0CF2			RRF	STACK_2, F
;math_double.ppas,1369 :: 		
$04E2	$2CE9			GOTO	INT3216EER
;math_double.ppas,1370 :: 		
$04E3	$	JPJSETIOV3224:
;math_double.ppas,1371 :: 		
$04E3	$3001			MOVLW	0X01
;math_double.ppas,1372 :: 		
$04E4	$00FC			MOVWF	STACK_12
;math_double.ppas,1373 :: 		
$04E5	$2CEB			GOTO	INT3216EEE
;math_double.ppas,1374 :: 		
$04E6	$	INT3216EOK:
;math_double.ppas,1375 :: 		
$04E6	$3000			MOVLW	0X00
;math_double.ppas,1376 :: 		
$04E7	$00FC			MOVWF	STACK_12
;math_double.ppas,1377 :: 		
$04E8	$2CEB			GOTO	INT3216EEE
;math_double.ppas,1378 :: 		
$04E9	$	INT3216EER:
;math_double.ppas,1379 :: 		
$04E9	$30FF			MOVLW	0XFF
;math_double.ppas,1380 :: 		
$04EA	$00FC			MOVWF	STACK_12
;math_double.ppas,1383 :: 		
$04EB	$	INT3216EEE:
;math_double.ppas,1385 :: 		
$04EB	$08FC			MOVF	STACK_12, F
;math_double.ppas,1386 :: 		
$04EC	$1903			BTFSC	STATUS, Z
;math_double.ppas,1387 :: 		
$04ED	$2CEF			GOTO	L_DOUBLE2INT_0
;math_double.ppas,1389 :: 		
$04EE	$267E			CALL	_setiov3224
;math_double.ppas,1391 :: 		
$04EF	$	L_DOUBLE2INT_0:
;math_double.ppas,1392 :: 		
$04EF	$0871			MOVF	STACK_1, W
;math_double.ppas,1393 :: 		
$04F0	$00F0			MOVWF	STACK_0
;math_double.ppas,1394 :: 		
$04F1	$0872			MOVF	STACK_2, W
;math_double.ppas,1395 :: 		
$04F2	$00F1			MOVWF	STACK_1
;math_double.ppas,1396 :: 		
$04F3	$	math_double_L_14:
;math_double.ppas,1398 :: 		
$04F3	$0008			RETURN
$0004	$	_main:
;VALVULALCD.pbas,28 :: 		main:
$0004	$	_main_main:
;VALVULALCD.pbas,29 :: 		TRISA=%11011111
$0004	$30DF			MOVLW	223
$0005	$1303			BCF	STATUS, RP1
$0006	$1683			BSF	STATUS, RP0
$0007	$0085			MOVWF	TRISA
;VALVULALCD.pbas,30 :: 		TRISB=%10101111
$0008	$30AF			MOVLW	175
$0009	$0086			MOVWF	TRISB
;VALVULALCD.pbas,31 :: 		TRISC=%00000000
$000A	$0187			CLRF	TRISC, 1
;VALVULALCD.pbas,32 :: 		INTCON=%00000000
$000B	$018B			CLRF	INTCON, 1
;VALVULALCD.pbas,33 :: 		ANSEL=%00001111
$000C	$300F			MOVLW	15
$000D	$1703			BSF	STATUS, RP1
$000E	$1283			BCF	STATUS, RP0
$000F	$009E			MOVWF	ANSEL
;VALVULALCD.pbas,34 :: 		ANSELH=%00000000
$0010	$019F			CLRF	ANSELH, 1
;VALVULALCD.pbas,39 :: 		LCD_INIT(PORTC)
$0011	$3007			MOVLW	PORTC
$0012	$1303			BCF	STATUS, RP1
$0013	$00C6			MOVWF	FARG_Lcd_Init
$0014	$2658			CALL	_lcd_init
;VALVULALCD.pbas,40 :: 		LCD_CMD(Lcd_Cursor_Off)
$0015	$300C			MOVLW	12
$0016	$00DB			MOVWF	FARG_Lcd_Cmd
$0017	$2287			CALL	_lcd_cmd
;VALVULALCD.pbas,41 :: 		LCD_CMD(Lcd_Clear)
$0018	$3001			MOVLW	1
$0019	$00DB			MOVWF	FARG_Lcd_Cmd
$001A	$2287			CALL	_lcd_cmd
;VALVULALCD.pbas,43 :: 		tela()   ' Mostra a tela principal do projeto.
$001B	$23D1			CALL	_tela
;VALVULALCD.pbas,45 :: 		executa:
$001C	$	_main_executa:
;VALVULALCD.pbas,46 :: 		leitura = Adc_Read(0) ' Leitura da porta analgica do sensor do tanque.
$001C	$01C6			CLRF	FARG_ADC_read, 1
$001D	$25BE			CALL	_adc_read
$001E	$0870			MOVF	STACK_0, 0
$001F	$00AB			MOVWF	_leitura
$0020	$0871			MOVF	STACK_0+1, 0
$0021	$00AC			MOVWF	_leitura+1
;VALVULALCD.pbas,52 :: 		if (Adc_Read(1)) <= leitura then
$0022	$3001			MOVLW	1
$0023	$00C6			MOVWF	FARG_ADC_read
$0024	$25BE			CALL	_adc_read
$0025	$0871			MOVF	STACK_0+1, 0
$0026	$022C			SUBWF	_leitura+1, 0
$0027	$1D03			BTFSS	STATUS, Z
$0028	$282B			GOTO	L_main_0
$0029	$0870			MOVF	STACK_0, 0
$002A	$022B			SUBWF	_leitura, 0
$002B	$	L_main_0:
$002B	$1C03			BTFSS	STATUS, C
$002C	$2839			GOTO	VALVULALCD_L_3
$002D	$	VALVULALCD_L_2:
;VALVULALCD.pbas,53 :: 		PORTA.5 = 0
$002D	$1285			BCF	PORTA, 5
$002E	$	VALVULALCD_L_6:
;VALVULALCD.pbas,54 :: 		Lcd_Out(2,20,"F")
$002E	$3002			MOVLW	2
$002F	$00D1			MOVWF	FARG_Lcd_Out
$0030	$3014			MOVLW	20
$0031	$00D2			MOVWF	FARG_Lcd_Out+1
$0032	$3046			MOVLW	70
$0033	$00C4			MOVWF	?main_Local_Text+0
$0034	$01C5			CLRF	?main_Local_Text+1
$0035	$3044			MOVLW	?main_Local_Text
$0036	$00D3			MOVWF	FARG_Lcd_Out+2
$0037	$254E			CALL	_lcd_out
$0038	$2844			GOTO	VALVULALCD_L_4
;VALVULALCD.pbas,55 :: 		Else
$0039	$	VALVULALCD_L_3:
;VALVULALCD.pbas,56 :: 		PORTA.5 = 1
$0039	$	VALVULALCD_L_7:
$0039	$1685			BSF	PORTA, 5
$003A	$	VALVULALCD_L_8:
;VALVULALCD.pbas,57 :: 		Lcd_Out(2,20,"A")
$003A	$3002			MOVLW	2
$003B	$00D1			MOVWF	FARG_Lcd_Out
$003C	$3014			MOVLW	20
$003D	$00D2			MOVWF	FARG_Lcd_Out+1
$003E	$3041			MOVLW	65
$003F	$00C4			MOVWF	?main_Local_Text+0
$0040	$01C5			CLRF	?main_Local_Text+1
$0041	$3044			MOVLW	?main_Local_Text
$0042	$00D3			MOVWF	FARG_Lcd_Out+2
$0043	$254E			CALL	_lcd_out
;VALVULALCD.pbas,58 :: 		End if
$0044	$	VALVULALCD_L_4:
;VALVULALCD.pbas,59 :: 		delay_ms(20)
$0044	$301A			MOVLW	26
$0045	$00FB			MOVWF	STACK_11
$0046	$30FF			MOVLW	255
$0047	$00FA			MOVWF	STACK_10
$0048	$0BFB			DECFSZ	STACK_11, F
$0049	$284B			GOTO	$+2
$004A	$284E			GOTO	$+4
$004B	$0BFA			DECFSZ	STACK_10, F
$004C	$284B			GOTO	$-1
$004D	$2848			GOTO	$-5
$004E	$30E7			MOVLW	231
$004F	$00FA			MOVWF	STACK_10
$0050	$0BFA			DECFSZ	STACK_10, F
$0051	$2850			GOTO	$-1
$0052	$0000			NOP
;VALVULALCD.pbas,67 :: 		if (Adc_Read(2)) <= leitura then
$0053	$3002			MOVLW	2
$0054	$00C6			MOVWF	FARG_ADC_read
$0055	$25BE			CALL	_adc_read
$0056	$0871			MOVF	STACK_0+1, 0
$0057	$022C			SUBWF	_leitura+1, 0
$0058	$1D03			BTFSS	STATUS, Z
$0059	$285C			GOTO	L_main_1
$005A	$0870			MOVF	STACK_0, 0
$005B	$022B			SUBWF	_leitura, 0
$005C	$	L_main_1:
$005C	$1C03			BTFSS	STATUS, C
$005D	$286A			GOTO	VALVULALCD_L_10
$005E	$	VALVULALCD_L_9:
;VALVULALCD.pbas,68 :: 		PORTB.4 = 0
$005E	$1206			BCF	PORTB, 4
$005F	$	VALVULALCD_L_13:
;VALVULALCD.pbas,69 :: 		Lcd_Out(3,20,"F")
$005F	$3003			MOVLW	3
$0060	$00D1			MOVWF	FARG_Lcd_Out
$0061	$3014			MOVLW	20
$0062	$00D2			MOVWF	FARG_Lcd_Out+1
$0063	$3046			MOVLW	70
$0064	$00C4			MOVWF	?main_Local_Text+0
$0065	$01C5			CLRF	?main_Local_Text+1
$0066	$3044			MOVLW	?main_Local_Text
$0067	$00D3			MOVWF	FARG_Lcd_Out+2
$0068	$254E			CALL	_lcd_out
$0069	$2875			GOTO	VALVULALCD_L_11
;VALVULALCD.pbas,70 :: 		Else
$006A	$	VALVULALCD_L_10:
;VALVULALCD.pbas,71 :: 		PORTB.4 = 1
$006A	$	VALVULALCD_L_14:
$006A	$1606			BSF	PORTB, 4
$006B	$	VALVULALCD_L_15:
;VALVULALCD.pbas,72 :: 		Lcd_Out(3,20,"A")
$006B	$3003			MOVLW	3
$006C	$00D1			MOVWF	FARG_Lcd_Out
$006D	$3014			MOVLW	20
$006E	$00D2			MOVWF	FARG_Lcd_Out+1
$006F	$3041			MOVLW	65
$0070	$00C4			MOVWF	?main_Local_Text+0
$0071	$01C5			CLRF	?main_Local_Text+1
$0072	$3044			MOVLW	?main_Local_Text
$0073	$00D3			MOVWF	FARG_Lcd_Out+2
$0074	$254E			CALL	_lcd_out
;VALVULALCD.pbas,73 :: 		End if
$0075	$	VALVULALCD_L_11:
;VALVULALCD.pbas,74 :: 		delay_ms(20)
$0075	$301A			MOVLW	26
$0076	$00FB			MOVWF	STACK_11
$0077	$30FF			MOVLW	255
$0078	$00FA			MOVWF	STACK_10
$0079	$0BFB			DECFSZ	STACK_11, F
$007A	$287C			GOTO	$+2
$007B	$287F			GOTO	$+4
$007C	$0BFA			DECFSZ	STACK_10, F
$007D	$287C			GOTO	$-1
$007E	$2879			GOTO	$-5
$007F	$30E7			MOVLW	231
$0080	$00FA			MOVWF	STACK_10
$0081	$0BFA			DECFSZ	STACK_10, F
$0082	$2881			GOTO	$-1
$0083	$0000			NOP
;VALVULALCD.pbas,80 :: 		if (Adc_Read(3)) <= leitura then
$0084	$3003			MOVLW	3
$0085	$00C6			MOVWF	FARG_ADC_read
$0086	$25BE			CALL	_adc_read
$0087	$0871			MOVF	STACK_0+1, 0
$0088	$022C			SUBWF	_leitura+1, 0
$0089	$1D03			BTFSS	STATUS, Z
$008A	$288D			GOTO	L_main_2
$008B	$0870			MOVF	STACK_0, 0
$008C	$022B			SUBWF	_leitura, 0
$008D	$	L_main_2:
$008D	$1C03			BTFSS	STATUS, C
$008E	$289B			GOTO	VALVULALCD_L_17
$008F	$	VALVULALCD_L_16:
;VALVULALCD.pbas,81 :: 		PORTB.6 = 0
$008F	$1306			BCF	PORTB, 6
$0090	$	VALVULALCD_L_20:
;VALVULALCD.pbas,82 :: 		Lcd_Out(4,20,"F")
$0090	$3004			MOVLW	4
$0091	$00D1			MOVWF	FARG_Lcd_Out
$0092	$3014			MOVLW	20
$0093	$00D2			MOVWF	FARG_Lcd_Out+1
$0094	$3046			MOVLW	70
$0095	$00C4			MOVWF	?main_Local_Text+0
$0096	$01C5			CLRF	?main_Local_Text+1
$0097	$3044			MOVLW	?main_Local_Text
$0098	$00D3			MOVWF	FARG_Lcd_Out+2
$0099	$254E			CALL	_lcd_out
$009A	$28A6			GOTO	VALVULALCD_L_18
;VALVULALCD.pbas,83 :: 		Else
$009B	$	VALVULALCD_L_17:
;VALVULALCD.pbas,84 :: 		PORTB.6 = 1
$009B	$	VALVULALCD_L_21:
$009B	$1706			BSF	PORTB, 6
$009C	$	VALVULALCD_L_22:
;VALVULALCD.pbas,85 :: 		Lcd_Out(4,20,"A")
$009C	$3004			MOVLW	4
$009D	$00D1			MOVWF	FARG_Lcd_Out
$009E	$3014			MOVLW	20
$009F	$00D2			MOVWF	FARG_Lcd_Out+1
$00A0	$3041			MOVLW	65
$00A1	$00C4			MOVWF	?main_Local_Text+0
$00A2	$01C5			CLRF	?main_Local_Text+1
$00A3	$3044			MOVLW	?main_Local_Text
$00A4	$00D3			MOVWF	FARG_Lcd_Out+2
$00A5	$254E			CALL	_lcd_out
;VALVULALCD.pbas,86 :: 		End if
$00A6	$	VALVULALCD_L_18:
;VALVULALCD.pbas,87 :: 		delay_ms(20)
$00A6	$301A			MOVLW	26
$00A7	$00FB			MOVWF	STACK_11
$00A8	$30FF			MOVLW	255
$00A9	$00FA			MOVWF	STACK_10
$00AA	$0BFB			DECFSZ	STACK_11, F
$00AB	$28AD			GOTO	$+2
$00AC	$28B0			GOTO	$+4
$00AD	$0BFA			DECFSZ	STACK_10, F
$00AE	$28AD			GOTO	$-1
$00AF	$28AA			GOTO	$-5
$00B0	$30E7			MOVLW	231
$00B1	$00FA			MOVWF	STACK_10
$00B2	$0BFA			DECFSZ	STACK_10, F
$00B3	$28B2			GOTO	$-1
$00B4	$0000			NOP
;VALVULALCD.pbas,92 :: 		TT = leitura * coeficiente
$00B5	$082B			MOVF	_leitura, 0
$00B6	$00F0			MOVWF	STACK_0
$00B7	$082C			MOVF	_leitura+1, 0
$00B8	$00F1			MOVWF	STACK_0+1
$00B9	$2624			CALL	_int2double
$00BA	$3089			MOVLW	137
$00BB	$00F4			MOVWF	STACK_4
$00BC	$3025			MOVLW	37
$00BD	$00F5			MOVWF	STACK_4+1
$00BE	$3016			MOVLW	22
$00BF	$00F6			MOVWF	STACK_4+2
$00C0	$307C			MOVLW	124
$00C1	$00F7			MOVWF	STACK_4+3
$00C2	$2436			CALL	_mul_32x32_fp
$00C3	$0870			MOVF	STACK_0, 0
$00C4	$00AD			MOVWF	_tt
$00C5	$0871			MOVF	STACK_0+1, 0
$00C6	$00AE			MOVWF	_tt+1
$00C7	$0872			MOVF	STACK_0+2, 0
$00C8	$00AF			MOVWF	_tt+2
$00C9	$0873			MOVF	STACK_0+3, 0
$00CA	$00B0			MOVWF	_tt+3
;VALVULALCD.pbas,93 :: 		V1 = Adc_Read(1) * coeficiente
$00CB	$3001			MOVLW	1
$00CC	$00C6			MOVWF	FARG_ADC_read
$00CD	$25BE			CALL	_adc_read
$00CE	$2642			CALL	_word2double
$00CF	$3089			MOVLW	137
$00D0	$00F4			MOVWF	STACK_4
$00D1	$3025			MOVLW	37
$00D2	$00F5			MOVWF	STACK_4+1
$00D3	$3016			MOVLW	22
$00D4	$00F6			MOVWF	STACK_4+2
$00D5	$307C			MOVLW	124
$00D6	$00F7			MOVWF	STACK_4+3
$00D7	$2436			CALL	_mul_32x32_fp
$00D8	$0870			MOVF	STACK_0, 0
$00D9	$00B1			MOVWF	_v1
$00DA	$0871			MOVF	STACK_0+1, 0
$00DB	$00B2			MOVWF	_v1+1
$00DC	$0872			MOVF	STACK_0+2, 0
$00DD	$00B3			MOVWF	_v1+2
$00DE	$0873			MOVF	STACK_0+3, 0
$00DF	$00B4			MOVWF	_v1+3
;VALVULALCD.pbas,94 :: 		V2 = Adc_Read(2) * coeficiente
$00E0	$3002			MOVLW	2
$00E1	$00C6			MOVWF	FARG_ADC_read
$00E2	$25BE			CALL	_adc_read
$00E3	$2642			CALL	_word2double
$00E4	$3089			MOVLW	137
$00E5	$00F4			MOVWF	STACK_4
$00E6	$3025			MOVLW	37
$00E7	$00F5			MOVWF	STACK_4+1
$00E8	$3016			MOVLW	22
$00E9	$00F6			MOVWF	STACK_4+2
$00EA	$307C			MOVLW	124
$00EB	$00F7			MOVWF	STACK_4+3
$00EC	$2436			CALL	_mul_32x32_fp
$00ED	$0870			MOVF	STACK_0, 0
$00EE	$00B5			MOVWF	_v2
$00EF	$0871			MOVF	STACK_0+1, 0
$00F0	$00B6			MOVWF	_v2+1
$00F1	$0872			MOVF	STACK_0+2, 0
$00F2	$00B7			MOVWF	_v2+2
$00F3	$0873			MOVF	STACK_0+3, 0
$00F4	$00B8			MOVWF	_v2+3
;VALVULALCD.pbas,95 :: 		V3 = Adc_Read(3) * coeficiente
$00F5	$3003			MOVLW	3
$00F6	$00C6			MOVWF	FARG_ADC_read
$00F7	$25BE			CALL	_adc_read
$00F8	$2642			CALL	_word2double
$00F9	$3089			MOVLW	137
$00FA	$00F4			MOVWF	STACK_4
$00FB	$3025			MOVLW	37
$00FC	$00F5			MOVWF	STACK_4+1
$00FD	$3016			MOVLW	22
$00FE	$00F6			MOVWF	STACK_4+2
$00FF	$307C			MOVLW	124
$0100	$00F7			MOVWF	STACK_4+3
$0101	$2436			CALL	_mul_32x32_fp
$0102	$0870			MOVF	STACK_0, 0
$0103	$00B9			MOVWF	_v3
$0104	$0871			MOVF	STACK_0+1, 0
$0105	$00BA			MOVWF	_v3+1
$0106	$0872			MOVF	STACK_0+2, 0
$0107	$00BB			MOVWF	_v3+2
$0108	$0873			MOVF	STACK_0+3, 0
$0109	$00BC			MOVWF	_v3+3
;VALVULALCD.pbas,100 :: 		IntToStr(TT,texto)
$010A	$082D			MOVF	_tt, 0
$010B	$00F0			MOVWF	STACK_0
$010C	$082E			MOVF	_tt+1, 0
$010D	$00F1			MOVWF	STACK_0+1
$010E	$082F			MOVF	_tt+2, 0
$010F	$00F2			MOVWF	STACK_0+2
$0110	$0830			MOVF	_tt+3, 0
$0111	$00F3			MOVWF	STACK_0+3
$0112	$2497			CALL	_double2int
$0113	$0870			MOVF	STACK_0, 0
$0114	$00C6			MOVWF	FARG_IntToStr
$0115	$0871			MOVF	STACK_0+1, 0
$0116	$00C7			MOVWF	FARG_IntToStr+1
$0117	$303D			MOVLW	_texto
$0118	$00C8			MOVWF	FARG_IntToStr+2
$0119	$232E			CALL	_inttostr
;VALVULALCD.pbas,101 :: 		Lcd_Out(1,12,texto)
$011A	$3001			MOVLW	1
$011B	$00D1			MOVWF	FARG_Lcd_Out
$011C	$300C			MOVLW	12
$011D	$00D2			MOVWF	FARG_Lcd_Out+1
$011E	$303D			MOVLW	_texto
$011F	$00D3			MOVWF	FARG_Lcd_Out+2
$0120	$254E			CALL	_lcd_out
;VALVULALCD.pbas,103 :: 		IntToStr(V1,texto)
$0121	$0831			MOVF	_v1, 0
$0122	$00F0			MOVWF	STACK_0
$0123	$0832			MOVF	_v1+1, 0
$0124	$00F1			MOVWF	STACK_0+1
$0125	$0833			MOVF	_v1+2, 0
$0126	$00F2			MOVWF	STACK_0+2
$0127	$0834			MOVF	_v1+3, 0
$0128	$00F3			MOVWF	STACK_0+3
$0129	$2497			CALL	_double2int
$012A	$0870			MOVF	STACK_0, 0
$012B	$00C6			MOVWF	FARG_IntToStr
$012C	$0871			MOVF	STACK_0+1, 0
$012D	$00C7			MOVWF	FARG_IntToStr+1
$012E	$303D			MOVLW	_texto
$012F	$00C8			MOVWF	FARG_IntToStr+2
$0130	$232E			CALL	_inttostr
;VALVULALCD.pbas,104 :: 		Lcd_Out(2,7,texto)
$0131	$3002			MOVLW	2
$0132	$00D1			MOVWF	FARG_Lcd_Out
$0133	$3007			MOVLW	7
$0134	$00D2			MOVWF	FARG_Lcd_Out+1
$0135	$303D			MOVLW	_texto
$0136	$00D3			MOVWF	FARG_Lcd_Out+2
$0137	$254E			CALL	_lcd_out
;VALVULALCD.pbas,106 :: 		IntToStr(V2,texto)
$0138	$0835			MOVF	_v2, 0
$0139	$00F0			MOVWF	STACK_0
$013A	$0836			MOVF	_v2+1, 0
$013B	$00F1			MOVWF	STACK_0+1
$013C	$0837			MOVF	_v2+2, 0
$013D	$00F2			MOVWF	STACK_0+2
$013E	$0838			MOVF	_v2+3, 0
$013F	$00F3			MOVWF	STACK_0+3
$0140	$2497			CALL	_double2int
$0141	$0870			MOVF	STACK_0, 0
$0142	$00C6			MOVWF	FARG_IntToStr
$0143	$0871			MOVF	STACK_0+1, 0
$0144	$00C7			MOVWF	FARG_IntToStr+1
$0145	$303D			MOVLW	_texto
$0146	$00C8			MOVWF	FARG_IntToStr+2
$0147	$232E			CALL	_inttostr
;VALVULALCD.pbas,107 :: 		Lcd_Out(3,7,texto)
$0148	$3003			MOVLW	3
$0149	$00D1			MOVWF	FARG_Lcd_Out
$014A	$3007			MOVLW	7
$014B	$00D2			MOVWF	FARG_Lcd_Out+1
$014C	$303D			MOVLW	_texto
$014D	$00D3			MOVWF	FARG_Lcd_Out+2
$014E	$254E			CALL	_lcd_out
;VALVULALCD.pbas,109 :: 		IntToStr(V3,texto)
$014F	$0839			MOVF	_v3, 0
$0150	$00F0			MOVWF	STACK_0
$0151	$083A			MOVF	_v3+1, 0
$0152	$00F1			MOVWF	STACK_0+1
$0153	$083B			MOVF	_v3+2, 0
$0154	$00F2			MOVWF	STACK_0+2
$0155	$083C			MOVF	_v3+3, 0
$0156	$00F3			MOVWF	STACK_0+3
$0157	$2497			CALL	_double2int
$0158	$0870			MOVF	STACK_0, 0
$0159	$00C6			MOVWF	FARG_IntToStr
$015A	$0871			MOVF	STACK_0+1, 0
$015B	$00C7			MOVWF	FARG_IntToStr+1
$015C	$303D			MOVLW	_texto
$015D	$00C8			MOVWF	FARG_IntToStr+2
$015E	$232E			CALL	_inttostr
;VALVULALCD.pbas,110 :: 		Lcd_Out(4,7,texto)
$015F	$3004			MOVLW	4
$0160	$00D1			MOVWF	FARG_Lcd_Out
$0161	$3007			MOVLW	7
$0162	$00D2			MOVWF	FARG_Lcd_Out+1
$0163	$303D			MOVLW	_texto
$0164	$00D3			MOVWF	FARG_Lcd_Out+2
$0165	$254E			CALL	_lcd_out
;VALVULALCD.pbas,112 :: 		goto executa
$0166	$281C			GOTO	_main_executa
$0167	$2967			GOTO	$


//** Procedures locations **
//ADDRESS		PROCEDURE
//----------------------------------------------
$0004		main
$0168		Lcd_Config
$0287		Lcd_Cmd
$032E		IntToStr
$03D1		tela
$0436		Mul_32x32_FP
$0497		Double2Int
$04F4		Div_16x16_S
$054E		Lcd_Out
$058D		NRM3232
$05BE		ADC_read
$05F7		Div_16x16_S_L
$0624		Int2Double
$0642		Word2Double
$0658		Lcd_Init
$066D		Delay_5500us
$067E		SETIOV3224
$068D		SETFOV32
$069B		SETFUN32
$06A9		Lcd_Chr_CP
$06B2		RES032
$06BB		Delay_50us
$06C3		Delay_22us
$06CA		FIXSIGN32
$06D0		Delay_1us


//** Labels locations **
//ADDRESS		LABEL
//----------------------------------------------
$0004		_main:
$0004		_main_main:
$001C		_main_executa:
$002B		L_main_0:
$002D		VALVULALCD_L_2:
$002E		VALVULALCD_L_6:
$0039		VALVULALCD_L_3:
$0039		VALVULALCD_L_7:
$003A		VALVULALCD_L_8:
$0044		VALVULALCD_L_4:
$005C		L_main_1:
$005E		VALVULALCD_L_9:
$005F		VALVULALCD_L_13:
$006A		VALVULALCD_L_10:
$006A		VALVULALCD_L_14:
$006B		VALVULALCD_L_15:
$0075		VALVULALCD_L_11:
$008D		L_main_2:
$008F		VALVULALCD_L_16:
$0090		VALVULALCD_L_20:
$009B		VALVULALCD_L_17:
$009B		VALVULALCD_L_21:
$009C		VALVULALCD_L_22:
$00A6		VALVULALCD_L_18:
$0168		_lcd_config:
$0170		L_Lcd_Config_0:
$0176		L_Lcd_Config_1:
$017D		L_Lcd_Config_2:
$0183		L_Lcd_Config_3:
$018A		L_Lcd_Config_4:
$0190		L_Lcd_Config_5:
$0197		L_Lcd_Config_6:
$019D		L_Lcd_Config_7:
$01A4		L_Lcd_Config_8:
$01AA		L_Lcd_Config_9:
$01AF		L_Lcd_Config_10:
$01B5		L_Lcd_Config_11:
$01BA		L_Lcd_Config_12:
$01C0		L_Lcd_Config_13:
$01D0		lcd_L_56:
$01D1		lcd_L_57:
$01DC		lcd_L_59:
$01E6		lcd_L_60:
$01E7		lcd_L_61:
$01F0		lcd_L_63:
$0286		lcd_L_55:
$0287		_lcd_cmd:
$02A7		lcd_L_1:
$02A9		lcd_L_2:
$02A9		lcd_L_3:
$02B1		lcd_L_4:
$02B3		lcd_L_5:
$02B3		lcd_L_6:
$02BB		lcd_L_7:
$02BD		lcd_L_8:
$02BD		lcd_L_9:
$02C5		lcd_L_10:
$02C7		lcd_L_11:
$02C7		lcd_L_12:
$02CD		lcd_L_13:
$02D2		lcd_L_14:
$02D4		lcd_L_15:
$02F3		lcd_L_16:
$02F5		lcd_L_17:
$02F5		lcd_L_18:
$02FD		lcd_L_19:
$02FF		lcd_L_20:
$02FF		lcd_L_21:
$0307		lcd_L_22:
$0309		lcd_L_23:
$0309		lcd_L_24:
$0310		lcd_L_25:
$0312		lcd_L_26:
$0312		lcd_L_27:
$0318		lcd_L_28:
$031D		lcd_L_29:
$031F		lcd_L_30:
$032A		lcd_L_31:
$032C		lcd_L_32:
$032D		lcd_L_0:
$032D		lcd_L_33:
$032E		_inttostr:
$0336		L_IntToStr_4:
$0338		conv_L_56:
$034E		conv_L_57:
$034E		conv_L_58:
$0358		L_IntToStr_5:
$035A		conv_L_60:
$0364		conv_L_61:
$0364		conv_L_62:
$036F		L_IntToStr_6:
$0371		conv_L_63:
$0372		conv_L_64:
$0372		conv_L_65:
$037B		L_IntToStr_7:
$037D		conv_L_66:
$037E		conv_L_67:
$037E		conv_L_68:
$0388		L_IntToStr_8:
$038A		conv_L_69:
$038B		conv_L_70:
$038B		conv_L_71:
$0395		L_IntToStr_9:
$0397		conv_L_72:
$0398		conv_L_73:
$0398		conv_L_74:
$03A9		conv_L_77:
$03CB		conv_L_78:
$03CE		conv_L_81:
$03D0		conv_L_55:
$03D0		conv_L_82:
$03D0		conv_L_83:
$03D1		_tela:
$0435		VALVULALCD_L_0:
$0436		_mul_32x32_fp:
$0438		FPM32:
$043E		M32BNE0:
$044A		MTUN32:
$044D		MOK32:
$045B		MLOOP32:
$045D		MADD32:
$0467		MNOADD32:
$0477		MROUND32:
$0489		MUL32OK:
$048D		JPMRES032:
$0490		JPMSETFOV32:
$0493		JPMSETFUN32:
$0495		MUL32EEE:
$0496		math_double_L_9:
$0497		_double2int:
$0499		INT3216:
$04BA		TSHIFT3216:
$04BD		SHIFT3216:
$04C2		SHIFT3216OK:
$04CC		INT3216OK:
$04D4		IRES016:
$04D7		SETIOV16:
$04E3		JPJSETIOV3224:
$04E6		INT3216EOK:
$04E9		INT3216EER:
$04EB		INT3216EEE:
$04EF		L_DOUBLE2INT_0:
$04F3		math_double_L_14:
$04F4		_div_16x16_s:
$054D		math_L_7:
$054E		_lcd_out:
$054E		lcd_L_68:
$0554		lcd_L_67:
$0557		lcd_L_69:
$0557		lcd_L_71:
$055B		lcd_L_70:
$055E		lcd_L_72:
$055E		lcd_L_74:
$0562		lcd_L_73:
$0565		lcd_L_75:
$0565		lcd_L_77:
$0569		lcd_L_76:
$056C		lcd_L_78:
$056E		lcd_L_66:
$0579		lcd_L_80:
$058A		lcd_L_81:
$058C		lcd_L_65:
$058D		_nrm3232:
$05A4		NORM3232:
$05AA		NORM3232A:
$05B2		JPNRES032:
$05B6		JPNSETFUN32:
$05BA		JMPNFIXSIGN32:
$05BD		math_double_L_5:
$05BD		NORM32EEE:
$05BE		_adc_read:
$05D2		ADClib_A_B_L_2:
$05DE		ADClib_A_B_L_3:
$05F2		ADClib_A_B_L_0:
$05F7		_div_16x16_s_l:
$0623		math_L_6:
$0624		_int2double:
$062D		FLO1632:
$063A		FLO1632EEE:
$0641		math_double_L_18:
$0642		_word2double:
$064B		FLO16U32:
$0657		math_double_L_19:
$0658		_lcd_init:
$066C		lcd_L_64:
$066D		_delay_5500us:
$067D		delays_L_7:
$067E		_setiov3224:
$068B		SETIOV3224EEE:
$068C		math_double_L_11:
$068D		_setfov32:
$0699		SETFOV32EEE:
$069A		math_double_L_0:
$069B		_setfun32:
$06A7		SETFUN32EEE:
$06A8		math_double_L_4:
$06A9		_lcd_chr_cp:
$06B1		lcd_L_48:
$06B2		_res032:
$06BA		math_double_L_3:
$06BB		_delay_50us:
$06C2		delays_L_4:
$06C3		_delay_22us:
$06C9		delays_L_3:
$06CA		_fixsign32:
$06CF		math_double_L_2:
$06D0		_delay_1us:
$06D1		delays_L_1:


//** Variables locations **
//ADDRESS		VARIABLE
//----------------------------------------------
$0000		INDF
$0002		PCL
$0003		STATUS
$0004		FSR
$0005		PORTA
$0006		PORTB
$0007		PORTC
$000A		PCLATH
$000B		INTCON
$001E		ADRESH
$001F		ADCON0
$0020		lcd_ctrlport_address
$0021		lcd____menable
$0022		lcd____mrs
$0023		lcd_dataport_address
$0024		lcd____mdb7
$0025		lcd____mdb6
$0026		lcd____mdb5
$0027		lcd____mdb4
$0028		lcd_lcdcmd_status
$0029		lcd____mrw
$002A		math_double___math_tempbd
$002B		_leitura
$002D		_tt
$0031		_v1
$0035		_v2
$0039		_v3
$003D		_texto
$0044		?main_Local_Text
$0046		?tela_Local_Text
$0046		FARG_ADC_read
$0046		FARG_IntToStr
$0046		FARG_Lcd_Init
$0047		_adc_read_local_result
$0048		FARG_IntToStr+2
$0049		_inttostr_local_len
$004A		_inttostr_local_negative
$0051		FARG_Lcd_Config
$0051		FARG_Lcd_Out
$0052		FARG_Lcd_Config+1
$0052		FARG_Lcd_Out+1
$0053		FARG_Lcd_Config+2
$0053		FARG_Lcd_Out+2
$0054		_lcd_out_local_i
$0054		FARG_Lcd_Config+3
$0055		FARG_Lcd_Config+4
$0056		FARG_Lcd_Config+5
$0057		FARG_Lcd_Config+6
$0058		FARG_Lcd_Config+7
$0059		FARG_Lcd_Config+8
$005A		FARG_Lcd_Chr_CP
$005B		FARG_Lcd_Cmd
$0070		STACK_0
$0071		STACK_1
$0072		STACK_2
$0073		STACK_3
$0074		STACK_4
$0075		STACK_5
$0076		STACK_6
$0077		STACK_7
$0078		STACK_8
$0079		STACK_9
$007A		STACK_10
$007B		STACK_11
$007C		STACK_12
$007D		STACK_13
$007E		STACK_14
$007F		STACK_15
$0085		TRISA
$0086		TRISB
$0087		TRISC
$009E		ADRESL
$009F		ADCON1
$011E		ANSEL
$011F		ANSELH


